#
# A fatal error has been detected by the Java Runtime Environment:
#
#  SIGSEGV (0xb) at pc=0x00007fff510084b1, pid=20178, tid=775
#
# JRE version: Java(TM) SE Runtime Environment (11.0.2+9) (build 11.0.2+9-LTS)
# Java VM: Java HotSpot(TM) 64-Bit Server VM (11.0.2+9-LTS, mixed mode, tiered, compressed oops, g1 gc, bsd-amd64)
# Problematic frame:
# C  [GLEngine+0x1474b1]  gleRunVertexSubmitImmediate+0x13c1
#
# No core dump will be written. Core dumps have been disabled. To enable core dumping, try "ulimit -c unlimited" before starting Java again
#
# If you would like to submit a bug report, please visit:
#   http://bugreport.java.com/bugreport/crash.jsp
# The crash happened outside the Java Virtual Machine in native code.
# See problematic frame for where to report the bug.
#

---------------  S U M M A R Y ------------

Command Line: -javaagent:/Applications/IntelliJ IDEA.app/Contents/lib/idea_rt.jar=51849:/Applications/IntelliJ IDEA.app/Contents/bin -Dfile.encoding=UTF-8 MainGame.HelloWorld

Host: MacBookPro14,1 x86_64 2300 MHz, 4 cores, 8G, Darwin 18.7.0
Time: Sun Mar 29 02:57:03 2020 CST elapsed time: 1 seconds (0d 0h 0m 1s)

---------------  T H R E A D  ---------------

Current thread (0x00007f919c804800):  JavaThread "main" [_thread_in_native, id=775, stack(0x00007ffeea168000,0x00007ffeea968000)]

Stack: [0x00007ffeea168000,0x00007ffeea968000],  sp=0x00007ffeea964800,  free space=8178k
Native frames: (J=compiled Java code, A=aot compiled Java code, j=interpreted, Vv=VM code, C=native code)
C  [GLEngine+0x1474b1]  gleRunVertexSubmitImmediate+0x13c1
C  [GLEngine+0xc0df7]  glDrawArrays_ACC_Exec+0x2c9
J 999  org.lwjgl.opengl.GL11C.glDrawArrays(III)V (0 bytes) @ 0x000000011b2d9090 [0x000000011b2d8fc0+0x00000000000000d0]
j  org.lwjgl.opengl.GL11.glDrawArrays(III)V+3
j  Font.EasyFont.loop()V+34
j  Scenes.bulletTest.render()V+161
j  MainGame.HelloWorld.loop()V+74
j  MainGame.HelloWorld.run()V+19
j  MainGame.HelloWorld.main([Ljava/lang/String;)V+7
v  ~StubRoutines::call_stub
V  [libjvm.dylib+0x39c3ee]  _ZN9JavaCalls11call_helperEP9JavaValueRK12methodHandleP17JavaCallArgumentsP6Thread+0x21a
V  [libjvm.dylib+0x3dffb3]  _ZL17jni_invoke_staticP7JNIEnv_P9JavaValueP8_jobject11JNICallTypeP10_jmethodIDP18JNI_ArgumentPusherP6Thread+0x11c
V  [libjvm.dylib+0x3e3794]  jni_CallStaticVoidMethod+0x1d1
C  [java+0x47f9]  JavaMain+0xab4
C  [java+0x6d51]  __JVMInit_block_invoke+0x4b
C  [Foundation+0x5603c]  __NSBLOCKOPERATION_IS_CALLING_OUT_TO_A_BLOCK__+0x7
C  [Foundation+0x55f44]  -[NSBlockOperation main]+0x44
C  [Foundation+0x2bcbd]  -[__NSOperationInternal _start:]+0x2ad
C  [Foundation+0xb0302]  __NSThreadPerformPerform+0x148
C  [CoreFoundation+0x57e33]  __CFRUNLOOP_IS_CALLING_OUT_TO_A_SOURCE0_PERFORM_FUNCTION__+0x11
C  [CoreFoundation+0x57dd9]  __CFRunLoopDoSource0+0x6c
C  [CoreFoundation+0x3b79b]  __CFRunLoopDoSources0+0xc3
C  [CoreFoundation+0x3ad65]  __CFRunLoopRun+0x4a5
C  [CoreFoundation+0x3a66e]  CFRunLoopRunSpecific+0x1c7
C  [java+0x63a5]  CreateExecutionEnvironment+0x190
C  [java+0x2523]  JLI_Launch+0x51f
C  [java+0x14cd]  main+0x16d
C  [libdyld.dylib+0x163d5]  start+0x1

Java frames: (J=compiled Java code, j=interpreted, Vv=VM code)
J 999  org.lwjgl.opengl.GL11C.glDrawArrays(III)V (0 bytes) @ 0x000000011b2d9017 [0x000000011b2d8fc0+0x0000000000000057]
j  org.lwjgl.opengl.GL11.glDrawArrays(III)V+3
j  Font.EasyFont.loop()V+34
j  Scenes.bulletTest.render()V+161
j  MainGame.HelloWorld.loop()V+74
j  MainGame.HelloWorld.run()V+19
j  MainGame.HelloWorld.main([Ljava/lang/String;)V+7
v  ~StubRoutines::call_stub

siginfo: si_signo: 11 (SIGSEGV), si_code: 1 (SEGV_MAPERR), si_addr: 0x0000000000000000

Register to memory mapping:

RAX=0x0 is NULL
RBX=0x0 is NULL
RCX=0x00007fff510084b1: gleRunVertexSubmitImmediate+0x13c1 in /System/Library/Frameworks/OpenGL.framework/Versions/A/Resources/GLEngine.bundle/GLEngine at 0x00007fff50ec1000
RDX=0x00007fff51009ec8: gleRunVertexSubmitImmediate+0x2dd8 in /System/Library/Frameworks/OpenGL.framework/Versions/A/Resources/GLEngine.bundle/GLEngine at 0x00007fff50ec1000
RSP=0x00007ffeea964800 is pointing into the stack for thread: 0x00007f919c804800
RBP=0x00007ffeea9649a0 is pointing into the stack for thread: 0x00007f919c804800
RSI=0x0000000000400000 is an unknown value
RDI=0x0000000000000002 is an unknown value
R8 =0x0000000000000200 is an unknown value
R9 =0x00007f919bcce650 points into unknown readable memory: 02 2a 08 00 08 00 00 00
R10=0x0000000000001002 is an unknown value
R11=0x0000000000000001 is an unknown value
R12=0x0 is NULL
R13=0x0 is NULL
R14=0x0 is NULL
R15=0x0000100201841800 is an unknown value


Registers:
RAX=0x0000000000000000, RBX=0x0000000000000000, RCX=0x00007fff510084b1, RDX=0x00007fff51009ec8
RSP=0x00007ffeea964800, RBP=0x00007ffeea9649a0, RSI=0x0000000000400000, RDI=0x0000000000000002
R8 =0x0000000000000200, R9 =0x00007f919bcce650, R10=0x0000000000001002, R11=0x0000000000000001
R12=0x0000000000000000, R13=0x0000000000000000, R14=0x0000000000000000, R15=0x0000100201841800
RIP=0x00007fff510084b1, EFLAGS=0x0000000000010217, ERR=0x0000000000000004
  TRAPNO=0x000000000000000e

Top of Stack: (sp=0x00007ffeea964800)
0x00007ffeea964800:   0000000000000008 000000010a873140
0x00007ffeea964810:   000000010a873170 000000010a873150
0x00007ffeea964820:   000000010a873180 000000010a873160
0x00007ffeea964830:   000000010a8731a0 0000000000000000
0x00007ffeea964840:   0000000000000000 000000010a873190
0x00007ffeea964850:   0000000000000002 000000013f9f9dae
0x00007ffeea964860:   41a0e666c1a6a8f6 41d93333c1db8bf2
0x00007ffeea964870:   00002c0000002bc0 0000000000002c40
0x00007ffeea964880:   00007f919bcce650 00007ffeea964938
0x00007ffeea964890:   0000011c7f186060 0000000000000000
0x00007ffeea9648a0:   fffffffffffffffe 0000000200403083
0x00007ffeea9648b0:   000000010a8731a0 0000000200000000
0x00007ffeea9648c0:   000000010a794bc8 0000000000000000
0x00007ffeea9648d0:   0000000000000001 000000010a873000
0x00007ffeea9648e0:   0000000000000000 00000001ea964a48
0x00007ffeea9648f0:   000000010a87fd70 0000000000000000
0x00007ffeea964900:   0000000000000000 0000000000000000
0x00007ffeea964910:   0000000000000000 00007fff3fbe9b63
0x00007ffeea964920:   0000000000001ff8 000000010a9bc2b0
0x00007ffeea964930:   0000000000000000 0000000128bac000
0x00007ffeea964940:   0000000128bac700 0000000000000000
0x00007ffeea964950:   000000010a876da0 000000010a876fb0
0x00007ffeea964960:   00007f919ca1bdc0 0000000000000000
0x00007ffeea964970:   dddae01e4cce0025 0000000000000000
0x00007ffeea964980:   0000000000000038 000000010a873000
0x00007ffeea964990:   0000000000000038 0000000000000038
0x00007ffeea9649a0:   00007ffeea964a00 00007fff50f81df7
0x00007ffeea9649b0:   00007f919ca1be40 0000000000000007
0x00007ffeea9649c0:   0000000000000038 0000000700000000
0x00007ffeea9649d0:   00007f919ca1ba00 000000012a3438f8
0x00007ffeea9649e0:   0000000000000000 00007ffeea964a70
0x00007ffeea9649f0:   00007ffeea964a40 00007f919c804800 

Instructions: (pc=0x00007fff510084b1)
0x00007fff51008491:   00 80 f9 03 0f 85 45 0c 00 00 48 8b 8d 38 ff ff
0x00007fff510084a1:   ff 8b 44 01 08 89 85 28 ff ff ff e9 2f 0c 00 00
0x00007fff510084b1:   0f be 08 f3 0f 2a c1 f3 0f 11 85 20 ff ff ff 83
0x00007fff510084c1:   ff 02 0f 82 be 0a 00 00 0f be 48 01 0f 57 c0 f3 

Stack slot to memory mapping:
stack at sp + 0 slots: 0x0000000000000008 is an unknown value
stack at sp + 1 slots: 0x000000010a873140 points into unknown readable memory: 04 02 01 3c 04 02 01 3c
stack at sp + 2 slots: 0x000000010a873170 points into unknown readable memory: 81 80 80 3b 81 80 80 3b
stack at sp + 3 slots: 0x000000010a873150 points into unknown readable memory: 00 01 00 38 00 01 00 38
stack at sp + 4 slots: 0x000000010a873180 points into unknown readable memory: 80 00 80 37 80 00 80 37
stack at sp + 5 slots: 0x000000010a873160 points into unknown readable memory: 00 00 00 30 00 00 00 30
stack at sp + 6 slots: 0x000000010a8731a0 points into unknown readable memory: 00 00 80 37 00 00 80 37
stack at sp + 7 slots: 0x0 is NULL


---------------  P R O C E S S  ---------------

Threads class SMR info:
_java_thread_list=0x00007f919bfce630, length=11, elements={
0x00007f919c804800, 0x00007f919c833800, 0x00007f919c803800, 0x00007f919c837800,
0x00007f919c840800, 0x00007f919c841800, 0x00007f919c00f000, 0x00007f919d88e800,
0x00007f919c010000, 0x00007f919c18b800, 0x00007f919ca56000
}

Java Threads: ( => current thread )
=>0x00007f919c804800 JavaThread "main" [_thread_in_native, id=775, stack(0x00007ffeea168000,0x00007ffeea968000)]
  0x00007f919c833800 JavaThread "Reference Handler" daemon [_thread_blocked, id=18947, stack(0x00007000057de000,0x00007000058de000)]
  0x00007f919c803800 JavaThread "Finalizer" daemon [_thread_blocked, id=18691, stack(0x00007000058e1000,0x00007000059e1000)]
  0x00007f919c837800 JavaThread "Signal Dispatcher" daemon [_thread_blocked, id=16899, stack(0x00007000059e4000,0x0000700005ae4000)]
  0x00007f919c840800 JavaThread "C2 CompilerThread0" daemon [_thread_blocked, id=16387, stack(0x0000700005ae7000,0x0000700005be7000)]
  0x00007f919c841800 JavaThread "C1 CompilerThread0" daemon [_thread_blocked, id=15363, stack(0x0000700005bea000,0x0000700005cea000)]
  0x00007f919c00f000 JavaThread "Sweeper thread" daemon [_thread_blocked, id=21763, stack(0x0000700005ced000,0x0000700005ded000)]
  0x00007f919d88e800 JavaThread "Common-Cleaner" daemon [_thread_blocked, id=43011, stack(0x0000700005df0000,0x0000700005ef0000)]
  0x00007f919c010000 JavaThread "Monitor Ctrl-Break" daemon [_thread_in_native, id=42499, stack(0x0000700005ef3000,0x0000700005ff3000)]
  0x00007f919c18b800 JavaThread "Service Thread" daemon [_thread_blocked, id=22531, stack(0x0000700005ff6000,0x00007000060f6000)]
  0x00007f919ca56000 JavaThread "Attach Listener" daemon [_thread_blocked, id=47879, stack(0x0000700006408000,0x0000700006508000)]

Other Threads:
  0x00007f919d001800 VMThread "VM Thread" [stack: 0x00007000056db000,0x00007000057db000] [id=19715]
  0x00007f919d80c000 WatcherThread [stack: 0x00007000060f9000,0x00007000061f9000] [id=23043]
  0x00007f919d811000 GCTaskThread "GC Thread#0" [stack: 0x00007000051cc000,0x00007000052cc000] [id=20995]
  0x00007f919c2fd800 GCTaskThread "GC Thread#1" [stack: 0x000070000650b000,0x000070000660b000] [id=81667]
  0x00007f919ca51000 GCTaskThread "GC Thread#2" [stack: 0x000070000660e000,0x000070000670e000] [id=81411]
  0x00007f919d831800 ConcurrentGCThread "G1 Main Marker" [stack: 0x00007000052cf000,0x00007000053cf000] [id=20739]
  0x00007f919d832800 ConcurrentGCThread "G1 Conc#0" [stack: 0x00007000053d2000,0x00007000054d2000] [id=12035]
  0x00007f919c04d800 ConcurrentGCThread "G1 Refine#0" [stack: 0x00007000054d5000,0x00007000055d5000] [id=19971]
  0x00007f919c04e800 ConcurrentGCThread "G1 Young RemSet Sampling" [stack: 0x00007000055d8000,0x00007000056d8000] [id=12803]

Threads with active compile tasks:

VM state:not at safepoint (normal execution)

VM Mutex/Monitor currently owned by a thread: None

Heap address: 0x0000000780000000, size: 2048 MB, Compressed Oops mode: Zero based, Oop shift amount: 3
Narrow klass base: 0x0000000800000000, Narrow klass shift: 0
Compressed class space size: 1073741824 Address: 0x0000000800000000

Heap:
 garbage-first heap   total 131072K, used 6276K [0x0000000780000000, 0x0000000800000000)
  region size 1024K, 7 young (7168K), 2 survivors (2048K)
 Metaspace       used 13484K, capacity 13718K, committed 14208K, reserved 1062912K
  class space    used 1014K, capacity 1090K, committed 1152K, reserved 1048576K
Heap Regions: E=young(eden), S=young(survivor), O=old, HS=humongous(starts), HC=humongous(continues), CS=collection set, F=free, A=archive, TAMS=top-at-mark-start (previous, next)
|   0|0x0000000780000000, 0x0000000780021200, 0x0000000780100000| 12%| O|  |TAMS 0x0000000780000000, 0x0000000780000000| Untracked 
|   1|0x0000000780100000, 0x0000000780100000, 0x0000000780200000|  0%| F|  |TAMS 0x0000000780100000, 0x0000000780100000| Untracked 
|   2|0x0000000780200000, 0x0000000780200000, 0x0000000780300000|  0%| F|  |TAMS 0x0000000780200000, 0x0000000780200000| Untracked 
|   3|0x0000000780300000, 0x0000000780300000, 0x0000000780400000|  0%| F|  |TAMS 0x0000000780300000, 0x0000000780300000| Untracked 
|   4|0x0000000780400000, 0x0000000780400000, 0x0000000780500000|  0%| F|  |TAMS 0x0000000780400000, 0x0000000780400000| Untracked 
|   5|0x0000000780500000, 0x0000000780500000, 0x0000000780600000|  0%| F|  |TAMS 0x0000000780500000, 0x0000000780500000| Untracked 
|   6|0x0000000780600000, 0x0000000780600000, 0x0000000780700000|  0%| F|  |TAMS 0x0000000780600000, 0x0000000780600000| Untracked 
|   7|0x0000000780700000, 0x0000000780700000, 0x0000000780800000|  0%| F|  |TAMS 0x0000000780700000, 0x0000000780700000| Untracked 
|   8|0x0000000780800000, 0x0000000780800000, 0x0000000780900000|  0%| F|  |TAMS 0x0000000780800000, 0x0000000780800000| Untracked 
|   9|0x0000000780900000, 0x0000000780900000, 0x0000000780a00000|  0%| F|  |TAMS 0x0000000780900000, 0x0000000780900000| Untracked 
|  10|0x0000000780a00000, 0x0000000780a00000, 0x0000000780b00000|  0%| F|  |TAMS 0x0000000780a00000, 0x0000000780a00000| Untracked 
|  11|0x0000000780b00000, 0x0000000780b00000, 0x0000000780c00000|  0%| F|  |TAMS 0x0000000780b00000, 0x0000000780b00000| Untracked 
|  12|0x0000000780c00000, 0x0000000780c00000, 0x0000000780d00000|  0%| F|  |TAMS 0x0000000780c00000, 0x0000000780c00000| Untracked 
|  13|0x0000000780d00000, 0x0000000780d00000, 0x0000000780e00000|  0%| F|  |TAMS 0x0000000780d00000, 0x0000000780d00000| Untracked 
|  14|0x0000000780e00000, 0x0000000780e00000, 0x0000000780f00000|  0%| F|  |TAMS 0x0000000780e00000, 0x0000000780e00000| Untracked 
|  15|0x0000000780f00000, 0x0000000780f00000, 0x0000000781000000|  0%| F|  |TAMS 0x0000000780f00000, 0x0000000780f00000| Untracked 
|  16|0x0000000781000000, 0x0000000781000000, 0x0000000781100000|  0%| F|  |TAMS 0x0000000781000000, 0x0000000781000000| Untracked 
|  17|0x0000000781100000, 0x0000000781100000, 0x0000000781200000|  0%| F|  |TAMS 0x0000000781100000, 0x0000000781100000| Untracked 
|  18|0x0000000781200000, 0x0000000781200000, 0x0000000781300000|  0%| F|  |TAMS 0x0000000781200000, 0x0000000781200000| Untracked 
|  19|0x0000000781300000, 0x0000000781300000, 0x0000000781400000|  0%| F|  |TAMS 0x0000000781300000, 0x0000000781300000| Untracked 
|  20|0x0000000781400000, 0x0000000781400000, 0x0000000781500000|  0%| F|  |TAMS 0x0000000781400000, 0x0000000781400000| Untracked 
|  21|0x0000000781500000, 0x0000000781500000, 0x0000000781600000|  0%| F|  |TAMS 0x0000000781500000, 0x0000000781500000| Untracked 
|  22|0x0000000781600000, 0x0000000781600000, 0x0000000781700000|  0%| F|  |TAMS 0x0000000781600000, 0x0000000781600000| Untracked 
|  23|0x0000000781700000, 0x0000000781700000, 0x0000000781800000|  0%| F|  |TAMS 0x0000000781700000, 0x0000000781700000| Untracked 
|  24|0x0000000781800000, 0x0000000781800000, 0x0000000781900000|  0%| F|  |TAMS 0x0000000781800000, 0x0000000781800000| Untracked 
|  25|0x0000000781900000, 0x0000000781900000, 0x0000000781a00000|  0%| F|  |TAMS 0x0000000781900000, 0x0000000781900000| Untracked 
|  26|0x0000000781a00000, 0x0000000781a00000, 0x0000000781b00000|  0%| F|  |TAMS 0x0000000781a00000, 0x0000000781a00000| Untracked 
|  27|0x0000000781b00000, 0x0000000781b00000, 0x0000000781c00000|  0%| F|  |TAMS 0x0000000781b00000, 0x0000000781b00000| Untracked 
|  28|0x0000000781c00000, 0x0000000781c00000, 0x0000000781d00000|  0%| F|  |TAMS 0x0000000781c00000, 0x0000000781c00000| Untracked 
|  29|0x0000000781d00000, 0x0000000781d00000, 0x0000000781e00000|  0%| F|  |TAMS 0x0000000781d00000, 0x0000000781d00000| Untracked 
|  30|0x0000000781e00000, 0x0000000781e00000, 0x0000000781f00000|  0%| F|  |TAMS 0x0000000781e00000, 0x0000000781e00000| Untracked 
|  31|0x0000000781f00000, 0x0000000781f00000, 0x0000000782000000|  0%| F|  |TAMS 0x0000000781f00000, 0x0000000781f00000| Untracked 
|  32|0x0000000782000000, 0x0000000782000000, 0x0000000782100000|  0%| F|  |TAMS 0x0000000782000000, 0x0000000782000000| Untracked 
|  33|0x0000000782100000, 0x0000000782100000, 0x0000000782200000|  0%| F|  |TAMS 0x0000000782100000, 0x0000000782100000| Untracked 
|  34|0x0000000782200000, 0x0000000782200000, 0x0000000782300000|  0%| F|  |TAMS 0x0000000782200000, 0x0000000782200000| Untracked 
|  35|0x0000000782300000, 0x0000000782300000, 0x0000000782400000|  0%| F|  |TAMS 0x0000000782300000, 0x0000000782300000| Untracked 
|  36|0x0000000782400000, 0x0000000782400000, 0x0000000782500000|  0%| F|  |TAMS 0x0000000782400000, 0x0000000782400000| Untracked 
|  37|0x0000000782500000, 0x0000000782500000, 0x0000000782600000|  0%| F|  |TAMS 0x0000000782500000, 0x0000000782500000| Untracked 
|  38|0x0000000782600000, 0x0000000782600000, 0x0000000782700000|  0%| F|  |TAMS 0x0000000782600000, 0x0000000782600000| Untracked 
|  39|0x0000000782700000, 0x0000000782700000, 0x0000000782800000|  0%| F|  |TAMS 0x0000000782700000, 0x0000000782700000| Untracked 
|  40|0x0000000782800000, 0x0000000782800000, 0x0000000782900000|  0%| F|  |TAMS 0x0000000782800000, 0x0000000782800000| Untracked 
|  41|0x0000000782900000, 0x0000000782900000, 0x0000000782a00000|  0%| F|  |TAMS 0x0000000782900000, 0x0000000782900000| Untracked 
|  42|0x0000000782a00000, 0x0000000782a00000, 0x0000000782b00000|  0%| F|  |TAMS 0x0000000782a00000, 0x0000000782a00000| Untracked 
|  43|0x0000000782b00000, 0x0000000782b00000, 0x0000000782c00000|  0%| F|  |TAMS 0x0000000782b00000, 0x0000000782b00000| Untracked 
|  44|0x0000000782c00000, 0x0000000782c00000, 0x0000000782d00000|  0%| F|  |TAMS 0x0000000782c00000, 0x0000000782c00000| Untracked 
|  45|0x0000000782d00000, 0x0000000782d00000, 0x0000000782e00000|  0%| F|  |TAMS 0x0000000782d00000, 0x0000000782d00000| Untracked 
|  46|0x0000000782e00000, 0x0000000782e00000, 0x0000000782f00000|  0%| F|  |TAMS 0x0000000782e00000, 0x0000000782e00000| Untracked 
|  47|0x0000000782f00000, 0x0000000782f00000, 0x0000000783000000|  0%| F|  |TAMS 0x0000000782f00000, 0x0000000782f00000| Untracked 
|  48|0x0000000783000000, 0x0000000783000000, 0x0000000783100000|  0%| F|  |TAMS 0x0000000783000000, 0x0000000783000000| Untracked 
|  49|0x0000000783100000, 0x0000000783100000, 0x0000000783200000|  0%| F|  |TAMS 0x0000000783100000, 0x0000000783100000| Untracked 
|  50|0x0000000783200000, 0x0000000783200000, 0x0000000783300000|  0%| F|  |TAMS 0x0000000783200000, 0x0000000783200000| Untracked 
|  51|0x0000000783300000, 0x0000000783300000, 0x0000000783400000|  0%| F|  |TAMS 0x0000000783300000, 0x0000000783300000| Untracked 
|  52|0x0000000783400000, 0x0000000783400000, 0x0000000783500000|  0%| F|  |TAMS 0x0000000783400000, 0x0000000783400000| Untracked 
|  53|0x0000000783500000, 0x0000000783500000, 0x0000000783600000|  0%| F|  |TAMS 0x0000000783500000, 0x0000000783500000| Untracked 
|  54|0x0000000783600000, 0x0000000783600000, 0x0000000783700000|  0%| F|  |TAMS 0x0000000783600000, 0x0000000783600000| Untracked 
|  55|0x0000000783700000, 0x0000000783700000, 0x0000000783800000|  0%| F|  |TAMS 0x0000000783700000, 0x0000000783700000| Untracked 
|  56|0x0000000783800000, 0x0000000783800000, 0x0000000783900000|  0%| F|  |TAMS 0x0000000783800000, 0x0000000783800000| Untracked 
|  57|0x0000000783900000, 0x0000000783900000, 0x0000000783a00000|  0%| F|  |TAMS 0x0000000783900000, 0x0000000783900000| Untracked 
|  58|0x0000000783a00000, 0x0000000783a00000, 0x0000000783b00000|  0%| F|  |TAMS 0x0000000783a00000, 0x0000000783a00000| Untracked 
|  59|0x0000000783b00000, 0x0000000783b00000, 0x0000000783c00000|  0%| F|  |TAMS 0x0000000783b00000, 0x0000000783b00000| Untracked 
|  60|0x0000000783c00000, 0x0000000783c00000, 0x0000000783d00000|  0%| F|  |TAMS 0x0000000783c00000, 0x0000000783c00000| Untracked 
|  61|0x0000000783d00000, 0x0000000783d00000, 0x0000000783e00000|  0%| F|  |TAMS 0x0000000783d00000, 0x0000000783d00000| Untracked 
|  62|0x0000000783e00000, 0x0000000783e00000, 0x0000000783f00000|  0%| F|  |TAMS 0x0000000783e00000, 0x0000000783e00000| Untracked 
|  63|0x0000000783f00000, 0x0000000783f00000, 0x0000000784000000|  0%| F|  |TAMS 0x0000000783f00000, 0x0000000783f00000| Untracked 
|  64|0x0000000784000000, 0x0000000784000000, 0x0000000784100000|  0%| F|  |TAMS 0x0000000784000000, 0x0000000784000000| Untracked 
|  65|0x0000000784100000, 0x0000000784100000, 0x0000000784200000|  0%| F|  |TAMS 0x0000000784100000, 0x0000000784100000| Untracked 
|  66|0x0000000784200000, 0x0000000784200000, 0x0000000784300000|  0%| F|  |TAMS 0x0000000784200000, 0x0000000784200000| Untracked 
|  67|0x0000000784300000, 0x0000000784300000, 0x0000000784400000|  0%| F|  |TAMS 0x0000000784300000, 0x0000000784300000| Untracked 
|  68|0x0000000784400000, 0x0000000784400000, 0x0000000784500000|  0%| F|  |TAMS 0x0000000784400000, 0x0000000784400000| Untracked 
|  69|0x0000000784500000, 0x0000000784500000, 0x0000000784600000|  0%| F|  |TAMS 0x0000000784500000, 0x0000000784500000| Untracked 
|  70|0x0000000784600000, 0x0000000784600000, 0x0000000784700000|  0%| F|  |TAMS 0x0000000784600000, 0x0000000784600000| Untracked 
|  71|0x0000000784700000, 0x0000000784700000, 0x0000000784800000|  0%| F|  |TAMS 0x0000000784700000, 0x0000000784700000| Untracked 
|  72|0x0000000784800000, 0x0000000784800000, 0x0000000784900000|  0%| F|  |TAMS 0x0000000784800000, 0x0000000784800000| Untracked 
|  73|0x0000000784900000, 0x0000000784900000, 0x0000000784a00000|  0%| F|  |TAMS 0x0000000784900000, 0x0000000784900000| Untracked 
|  74|0x0000000784a00000, 0x0000000784a00000, 0x0000000784b00000|  0%| F|  |TAMS 0x0000000784a00000, 0x0000000784a00000| Untracked 
|  75|0x0000000784b00000, 0x0000000784b00000, 0x0000000784c00000|  0%| F|  |TAMS 0x0000000784b00000, 0x0000000784b00000| Untracked 
|  76|0x0000000784c00000, 0x0000000784c00000, 0x0000000784d00000|  0%| F|  |TAMS 0x0000000784c00000, 0x0000000784c00000| Untracked 
|  77|0x0000000784d00000, 0x0000000784d00000, 0x0000000784e00000|  0%| F|  |TAMS 0x0000000784d00000, 0x0000000784d00000| Untracked 
|  78|0x0000000784e00000, 0x0000000784e00000, 0x0000000784f00000|  0%| F|  |TAMS 0x0000000784e00000, 0x0000000784e00000| Untracked 
|  79|0x0000000784f00000, 0x0000000784f00000, 0x0000000785000000|  0%| F|  |TAMS 0x0000000784f00000, 0x0000000784f00000| Untracked 
|  80|0x0000000785000000, 0x0000000785000000, 0x0000000785100000|  0%| F|  |TAMS 0x0000000785000000, 0x0000000785000000| Untracked 
|  81|0x0000000785100000, 0x0000000785100000, 0x0000000785200000|  0%| F|  |TAMS 0x0000000785100000, 0x0000000785100000| Untracked 
|  82|0x0000000785200000, 0x0000000785200000, 0x0000000785300000|  0%| F|  |TAMS 0x0000000785200000, 0x0000000785200000| Untracked 
|  83|0x0000000785300000, 0x0000000785300000, 0x0000000785400000|  0%| F|  |TAMS 0x0000000785300000, 0x0000000785300000| Untracked 
|  84|0x0000000785400000, 0x0000000785400000, 0x0000000785500000|  0%| F|  |TAMS 0x0000000785400000, 0x0000000785400000| Untracked 
|  85|0x0000000785500000, 0x0000000785500000, 0x0000000785600000|  0%| F|  |TAMS 0x0000000785500000, 0x0000000785500000| Untracked 
|  86|0x0000000785600000, 0x0000000785600000, 0x0000000785700000|  0%| F|  |TAMS 0x0000000785600000, 0x0000000785600000| Untracked 
|  87|0x0000000785700000, 0x0000000785700000, 0x0000000785800000|  0%| F|  |TAMS 0x0000000785700000, 0x0000000785700000| Untracked 
|  88|0x0000000785800000, 0x0000000785800000, 0x0000000785900000|  0%| F|  |TAMS 0x0000000785800000, 0x0000000785800000| Untracked 
|  89|0x0000000785900000, 0x0000000785900000, 0x0000000785a00000|  0%| F|  |TAMS 0x0000000785900000, 0x0000000785900000| Untracked 
|  90|0x0000000785a00000, 0x0000000785a00000, 0x0000000785b00000|  0%| F|  |TAMS 0x0000000785a00000, 0x0000000785a00000| Untracked 
|  91|0x0000000785b00000, 0x0000000785b00000, 0x0000000785c00000|  0%| F|  |TAMS 0x0000000785b00000, 0x0000000785b00000| Untracked 
|  92|0x0000000785c00000, 0x0000000785c00000, 0x0000000785d00000|  0%| F|  |TAMS 0x0000000785c00000, 0x0000000785c00000| Untracked 
|  93|0x0000000785d00000, 0x0000000785d00000, 0x0000000785e00000|  0%| F|  |TAMS 0x0000000785d00000, 0x0000000785d00000| Untracked 
|  94|0x0000000785e00000, 0x0000000785e00000, 0x0000000785f00000|  0%| F|  |TAMS 0x0000000785e00000, 0x0000000785e00000| Untracked 
|  95|0x0000000785f00000, 0x0000000785f00000, 0x0000000786000000|  0%| F|  |TAMS 0x0000000785f00000, 0x0000000785f00000| Untracked 
|  96|0x0000000786000000, 0x0000000786000000, 0x0000000786100000|  0%| F|  |TAMS 0x0000000786000000, 0x0000000786000000| Untracked 
|  97|0x0000000786100000, 0x0000000786100000, 0x0000000786200000|  0%| F|  |TAMS 0x0000000786100000, 0x0000000786100000| Untracked 
|  98|0x0000000786200000, 0x0000000786200000, 0x0000000786300000|  0%| F|  |TAMS 0x0000000786200000, 0x0000000786200000| Untracked 
|  99|0x0000000786300000, 0x0000000786300000, 0x0000000786400000|  0%| F|  |TAMS 0x0000000786300000, 0x0000000786300000| Untracked 
| 100|0x0000000786400000, 0x0000000786400000, 0x0000000786500000|  0%| F|  |TAMS 0x0000000786400000, 0x0000000786400000| Untracked 
| 101|0x0000000786500000, 0x0000000786500000, 0x0000000786600000|  0%| F|  |TAMS 0x0000000786500000, 0x0000000786500000| Untracked 
| 102|0x0000000786600000, 0x0000000786600000, 0x0000000786700000|  0%| F|  |TAMS 0x0000000786600000, 0x0000000786600000| Untracked 
| 103|0x0000000786700000, 0x0000000786700000, 0x0000000786800000|  0%| F|  |TAMS 0x0000000786700000, 0x0000000786700000| Untracked 
| 104|0x0000000786800000, 0x0000000786800000, 0x0000000786900000|  0%| F|  |TAMS 0x0000000786800000, 0x0000000786800000| Untracked 
| 105|0x0000000786900000, 0x0000000786900000, 0x0000000786a00000|  0%| F|  |TAMS 0x0000000786900000, 0x0000000786900000| Untracked 
| 106|0x0000000786a00000, 0x0000000786a00000, 0x0000000786b00000|  0%| F|  |TAMS 0x0000000786a00000, 0x0000000786a00000| Untracked 
| 107|0x0000000786b00000, 0x0000000786b00000, 0x0000000786c00000|  0%| F|  |TAMS 0x0000000786b00000, 0x0000000786b00000| Untracked 
| 108|0x0000000786c00000, 0x0000000786c00000, 0x0000000786d00000|  0%| F|  |TAMS 0x0000000786c00000, 0x0000000786c00000| Untracked 
| 109|0x0000000786d00000, 0x0000000786d00000, 0x0000000786e00000|  0%| F|  |TAMS 0x0000000786d00000, 0x0000000786d00000| Untracked 
| 110|0x0000000786e00000, 0x0000000786e00000, 0x0000000786f00000|  0%| F|  |TAMS 0x0000000786e00000, 0x0000000786e00000| Untracked 
| 111|0x0000000786f00000, 0x0000000786f00000, 0x0000000787000000|  0%| F|  |TAMS 0x0000000786f00000, 0x0000000786f00000| Untracked 
| 112|0x0000000787000000, 0x0000000787100000, 0x0000000787100000|100%| S|CS|TAMS 0x0000000787000000, 0x0000000787000000| Complete 
| 113|0x0000000787100000, 0x0000000787200000, 0x0000000787200000|100%| S|CS|TAMS 0x0000000787100000, 0x0000000787100000| Complete 
| 114|0x0000000787200000, 0x0000000787200000, 0x0000000787300000|  0%| F|  |TAMS 0x0000000787200000, 0x0000000787200000| Untracked 
| 115|0x0000000787300000, 0x0000000787300000, 0x0000000787400000|  0%| F|  |TAMS 0x0000000787300000, 0x0000000787300000| Untracked 
| 116|0x0000000787400000, 0x0000000787400000, 0x0000000787500000|  0%| F|  |TAMS 0x0000000787400000, 0x0000000787400000| Untracked 
| 117|0x0000000787500000, 0x0000000787500000, 0x0000000787600000|  0%| F|  |TAMS 0x0000000787500000, 0x0000000787500000| Untracked 
| 118|0x0000000787600000, 0x0000000787600000, 0x0000000787700000|  0%| F|  |TAMS 0x0000000787600000, 0x0000000787600000| Untracked 
| 119|0x0000000787700000, 0x0000000787700000, 0x0000000787800000|  0%| F|  |TAMS 0x0000000787700000, 0x0000000787700000| Untracked 
| 120|0x0000000787800000, 0x0000000787800000, 0x0000000787900000|  0%| F|  |TAMS 0x0000000787800000, 0x0000000787800000| Untracked 
| 121|0x0000000787900000, 0x0000000787900000, 0x0000000787a00000|  0%| F|  |TAMS 0x0000000787900000, 0x0000000787900000| Untracked 
| 122|0x0000000787a00000, 0x0000000787a00000, 0x0000000787b00000|  0%| F|  |TAMS 0x0000000787a00000, 0x0000000787a00000| Untracked 
| 123|0x0000000787b00000, 0x0000000787ba7aa0, 0x0000000787c00000| 65%| E|  |TAMS 0x0000000787b00000, 0x0000000787b00000| Complete 
| 124|0x0000000787c00000, 0x0000000787d00000, 0x0000000787d00000|100%| E|CS|TAMS 0x0000000787c00000, 0x0000000787c00000| Complete 
| 125|0x0000000787d00000, 0x0000000787e00000, 0x0000000787e00000|100%| E|CS|TAMS 0x0000000787d00000, 0x0000000787d00000| Complete 
| 126|0x0000000787e00000, 0x0000000787f00000, 0x0000000787f00000|100%| E|CS|TAMS 0x0000000787e00000, 0x0000000787e00000| Complete 
| 127|0x0000000787f00000, 0x0000000788000000, 0x0000000788000000|100%| E|CS|TAMS 0x0000000787f00000, 0x0000000787f00000| Complete 

Card table byte_map: [0x000000010731f000,0x000000010771f000] _byte_map_base: 0x000000010371f000

Marking Bits (Prev, Next): (CMBitMap*) 0x00007f919d829218, (CMBitMap*) 0x00007f919d829250
 Prev Bits: [0x0000000107b1f000, 0x0000000109b1f000)
 Next Bits: [0x00000001227c8000, 0x00000001247c8000)

Polling page: 0x000000010531b000

Metaspace:

Usage:
  Non-class:     12.33 MB capacity,    12.18 MB ( 99%) used,   137.60 KB (  1%) free+waste,    20.31 KB ( <1%) overhead. 
      Class:      1.06 MB capacity,  1014.72 KB ( 93%) used,    66.59 KB (  6%) free+waste,     8.69 KB ( <1%) overhead. 
       Both:     13.40 MB capacity,    13.17 MB ( 98%) used,   204.20 KB (  1%) free+waste,    29.00 KB ( <1%) overhead. 

Virtual space:
  Non-class space:       14.00 MB reserved,      12.75 MB ( 91%) committed 
      Class space:        1.00 GB reserved,       1.12 MB ( <1%) committed 
             Both:        1.01 GB reserved,      13.88 MB (  1%) committed 

Chunk freelists:
   Non-Class:  22.50 KB
       Class:  3.75 KB
        Both:  26.25 KB

CodeHeap 'non-profiled nmethods': size=120032Kb used=293Kb max_used=293Kb free=119738Kb
 bounds [0x000000011b290000, 0x000000011b500000, 0x00000001227c8000]
CodeHeap 'profiled nmethods': size=120032Kb used=1648Kb max_used=1648Kb free=118384Kb
 bounds [0x0000000113d58000, 0x0000000113fc8000, 0x000000011b290000]
CodeHeap 'non-nmethods': size=5696Kb used=1446Kb max_used=1458Kb free=4249Kb
 bounds [0x00000001137c8000, 0x0000000113a38000, 0x0000000113d58000]
 total_blobs=2155 nmethods=1001 adapters=876
 compilation: enabled
              stopped_count=0, restarted_count=0
 full_count=0

Compilation events (10 events):
Event: 1.300 Thread 0x00007f919c841800  997   !   3       org.lwjgl.opengl.GL20C::glGetUniformLocation (48 bytes)
Event: 1.301 Thread 0x00007f919c841800 nmethod 997 0x0000000113ef0490 code [0x0000000113ef0720, 0x0000000113ef1568]
Event: 1.301 Thread 0x00007f919c841800  996       3       org.joml.MemUtil$MemUtilUnsafe::put (40 bytes)
Event: 1.301 Thread 0x00007f919c841800 nmethod 996 0x0000000113ef1a90 code [0x0000000113ef1c60, 0x0000000113ef1e88]
Event: 1.301 Thread 0x00007f919c841800  998       3       org.joml.MemUtil$MemUtilNIO::copy (115 bytes)
Event: 1.302 Thread 0x00007f919c841800 nmethod 998 0x0000000113ef1f90 code [0x0000000113ef21e0, 0x0000000113ef2b10]
Event: 1.302 Thread 0x00007f919c841800 1000       3       org.joml.Matrix4f::translateGeneric (146 bytes)
Event: 1.303 Thread 0x00007f919c841800 nmethod 1000 0x0000000113ef2e90 code [0x0000000113ef3100, 0x0000000113ef3c08]
Event: 1.303 Thread 0x00007f919c840800 1001       4       org.joml.Math::fma (19 bytes)
Event: 1.303 Thread 0x00007f919c840800 nmethod 1001 0x000000011b2d9210 code [0x000000011b2d93a0, 0x000000011b2d93f8]

GC Heap History (2 events):
Event: 1.088 GC heap before
{Heap before GC invocations=0 (full 0):
 garbage-first heap   total 131072K, used 13312K [0x0000000780000000, 0x0000000800000000)
  region size 1024K, 14 young (14336K), 0 survivors (0K)
 Metaspace       used 12117K, capacity 12427K, committed 12800K, reserved 1060864K
  class space    used 945K, capacity 1021K, committed 1024K, reserved 1048576K
}
Event: 1.092 GC heap after
{Heap after GC invocations=1 (full 0):
 garbage-first heap   total 131072K, used 2180K [0x0000000780000000, 0x0000000800000000)
  region size 1024K, 2 young (2048K), 2 survivors (2048K)
 Metaspace       used 12117K, capacity 12427K, committed 12800K, reserved 1060864K
  class space    used 945K, capacity 1021K, committed 1024K, reserved 1048576K
}

Deoptimization events (2 events):
Event: 0.302 Thread 0x00007f919c804800 Uncommon trap: reason=unstable_if action=reinterpret pc=0x000000011b294b94 method=java.lang.String.isLatin1()Z @ 10 c2
Event: 1.266 Thread 0x00007f919c804800 Uncommon trap: reason=speculate_null_assert action=make_not_entrant pc=0x000000011b2d3578 method=sun.misc.Unsafe.getLong(Ljava/lang/Object;J)J @ 5 c2

Classes redefined (0 events):
No events

Internal exceptions (10 events):
Event: 0.288 Thread 0x00007f919c804800 Exception <a 'sun/nio/fs/UnixException'{0x0000000787b9cc68}> (0x0000000787b9cc68) thrown at [/scratch/mesos/slaves/07fc96ef-bf4d-487f-b22f-a84e49f5f44a-S27799/frameworks/1735e8a2-a1db-478c-8104-60c8b0af87dd-0196/executors/23259148-f5c6-492a-83be-44c13ecc6
Event: 0.341 Thread 0x00007f919c804800 Exception <a 'sun/nio/fs/UnixException'{0x0000000787aa0db0}> (0x0000000787aa0db0) thrown at [/scratch/mesos/slaves/07fc96ef-bf4d-487f-b22f-a84e49f5f44a-S27799/frameworks/1735e8a2-a1db-478c-8104-60c8b0af87dd-0196/executors/23259148-f5c6-492a-83be-44c13ecc6
Event: 0.455 Thread 0x00007f919c804800 Exception <a 'sun/nio/fs/UnixException'{0x00000007879291c0}> (0x00000007879291c0) thrown at [/scratch/mesos/slaves/07fc96ef-bf4d-487f-b22f-a84e49f5f44a-S27799/frameworks/1735e8a2-a1db-478c-8104-60c8b0af87dd-0196/executors/23259148-f5c6-492a-83be-44c13ecc6
Event: 0.576 Thread 0x00007f919c804800 Exception <a 'sun/nio/fs/UnixException'{0x000000078799c320}> (0x000000078799c320) thrown at [/scratch/mesos/slaves/07fc96ef-bf4d-487f-b22f-a84e49f5f44a-S27799/frameworks/1735e8a2-a1db-478c-8104-60c8b0af87dd-0196/executors/23259148-f5c6-492a-83be-44c13ecc6
Event: 0.678 Thread 0x00007f919c804800 Exception <a 'java/lang/NoSuchMethodError'{0x00000007878f9340}: java.lang.invoke.DirectMethodHandle$Holder.invokeSpecialIFC(Ljava/lang/Object;Ljava/lang/Object;I)I> (0x00000007878f9340) thrown at [/scratch/mesos/slaves/07fc96ef-bf4d-487f-b22f-a84e49f5f44a
Event: 0.896 Thread 0x00007f919c804800 Exception <a 'java/lang/NoSuchMethodError'{0x0000000787497a48}: java.lang.invoke.DirectMethodHandle$Holder.invokeStatic(Ljava/lang/Object;Ljava/lang/Object;Ljava/lang/Object;Ljava/lang/Object;Ljava/lang/Object;Ljava/lang/Object;Ljava/lang/Object;Ljava/lan
Event: 0.898 Thread 0x00007f919c804800 Exception <a 'java/lang/NoSuchMethodError'{0x00000007874b5f18}: java.lang.invoke.DirectMethodHandle$Holder.invokeStatic(Ljava/lang/Object;Ljava/lang/Object;Ljava/lang/Object;Ljava/lang/Object;Ljava/lang/Object;Ljava/lang/Object;Ljava/lang/Object;Ljava/lan
Event: 0.901 Thread 0x00007f919c804800 Exception <a 'java/lang/NoSuchMethodError'{0x00000007874d4fd0}: java.lang.invoke.DirectMethodHandle$Holder.invokeStatic(Ljava/lang/Object;Ljava/lang/Object;Ljava/lang/Object;Ljava/lang/Object;Ljava/lang/Object;Ljava/lang/Object;Ljava/lang/Object;Ljava/lan
Event: 0.905 Thread 0x00007f919c804800 Exception <a 'java/lang/NoSuchMethodError'{0x00000007874f5a68}: java.lang.invoke.DirectMethodHandle$Holder.invokeStatic(Ljava/lang/Object;Ljava/lang/Object;Ljava/lang/Object;Ljava/lang/Object;Ljava/lang/Object;Ljava/lang/Object;Ljava/lang/Object;Ljava/lan
Event: 1.103 Thread 0x00007f919c804800 Exception <a 'sun/nio/fs/UnixException'{0x0000000787f13900}> (0x0000000787f13900) thrown at [/scratch/mesos/slaves/07fc96ef-bf4d-487f-b22f-a84e49f5f44a-S27799/frameworks/1735e8a2-a1db-478c-8104-60c8b0af87dd-0196/executors/23259148-f5c6-492a-83be-44c13ecc6

Events (10 events):
Event: 1.246 loading class org/joml/Vector2ic done
Event: 1.247 loading class org/joml/Quaternionf
Event: 1.247 loading class org/joml/Quaternionf done
Event: 1.248 loading class org/joml/Quaternionfc
Event: 1.248 loading class org/joml/Quaternionfc done
Event: 1.250 loading class org/joml/Vector4dc
Event: 1.250 loading class org/joml/Vector4dc done
Event: 1.266 Thread 0x00007f919c804800 Uncommon trap: trap_request=0xffffff5c fr.pc=0x000000011b2d3578 relative=0x0000000000000058
Event: 1.266 Thread 0x00007f919c804800 DEOPT PACKING pc=0x000000011b2d3578 sp=0x00007ffeea964850
Event: 1.266 Thread 0x00007f919c804800 DEOPT UNPACKING pc=0x00000001137f09a5 sp=0x00007ffeea9647f8 mode 2


Dynamic libraries:
0x00007fff469a9000 	/System/Library/Frameworks/Cocoa.framework/Versions/A/Cocoa
0x00007fff52757000 	/System/Library/Frameworks/Security.framework/Versions/A/Security
0x00007fff4563b000 	/System/Library/Frameworks/ApplicationServices.framework/Versions/A/ApplicationServices
0x00007fff7284c000 	/usr/lib/libz.1.dylib
0x00007fff701a3000 	/usr/lib/libSystem.B.dylib
0x00007fff4721e000 	/System/Library/Frameworks/CoreFoundation.framework/Versions/A/CoreFoundation
0x00007fff494a2000 	/System/Library/Frameworks/Foundation.framework/Versions/C/Foundation
0x00007fff719dc000 	/usr/lib/libobjc.A.dylib
0x00007fff44834000 	/System/Library/Frameworks/AppKit.framework/Versions/C/AppKit
0x00007fff46da7000 	/System/Library/Frameworks/CoreData.framework/Versions/A/CoreData
0x00007fff69c68000 	/System/Library/PrivateFrameworks/RemoteViewServices.framework/Versions/A/RemoteViewServices
0x00007fff6dedf000 	/System/Library/PrivateFrameworks/UIFoundation.framework/Versions/A/UIFoundation
0x00007fff6f5c4000 	/System/Library/PrivateFrameworks/XCTTargetBootstrap.framework/Versions/A/XCTTargetBootstrap
0x00007fff4712d000 	/System/Library/Frameworks/CoreDisplay.framework/Versions/A/CoreDisplay
0x00007fff6499e000 	/System/Library/PrivateFrameworks/IconServices.framework/Versions/A/IconServices
0x00007fff4bdc4000 	/System/Library/Frameworks/Metal.framework/Versions/A/Metal
0x00007fff5bee2000 	/System/Library/PrivateFrameworks/DesktopServicesPriv.framework/Versions/A/DesktopServicesPriv
0x00007fff70d3f000 	/usr/lib/libenergytrace.dylib
0x00007fff6c3c6000 	/System/Library/PrivateFrameworks/SkyLight.framework/Versions/A/SkyLight
0x00007fff47665000 	/System/Library/Frameworks/CoreGraphics.framework/Versions/A/CoreGraphics
0x00007fff43600000 	/System/Library/Frameworks/Accelerate.framework/Versions/A/Accelerate
0x00007fff49beb000 	/System/Library/Frameworks/IOSurface.framework/Versions/A/IOSurface
0x00007fff5bd4e000 	/System/Library/PrivateFrameworks/DFRFoundation.framework/Versions/A/DFRFoundation
0x00007fff45b1e000 	/System/Library/Frameworks/AudioToolbox.framework/Versions/A/AudioToolbox
0x00007fff45d97000 	/System/Library/Frameworks/AudioUnit.framework/Versions/A/AudioUnit
0x00007fff5bde3000 	/System/Library/PrivateFrameworks/DataDetectorsCore.framework/Versions/A/DataDetectorsCore
0x00007fff464ac000 	/System/Library/Frameworks/Carbon.framework/Versions/A/Frameworks/HIToolbox.framework/Versions/A/HIToolbox
0x00007fff70e98000 	/usr/lib/libicucore.A.dylib
0x00007fff51cca000 	/System/Library/Frameworks/QuartzCore.framework/Versions/A/QuartzCore
0x00007fff46881000 	/System/Library/Frameworks/Carbon.framework/Versions/A/Frameworks/SpeechRecognition.framework/Versions/A/SpeechRecognition
0x00007fff702f7000 	/usr/lib/libauto.dylib
0x00007fff7273f000 	/usr/lib/libxml2.2.dylib
0x00007fff5b929000 	/System/Library/PrivateFrameworks/CoreUI.framework/Versions/A/CoreUI
0x00007fff46c92000 	/System/Library/Frameworks/CoreAudio.framework/Versions/A/CoreAudio
0x00007fff492d7000 	/System/Library/Frameworks/DiskArbitration.framework/Versions/A/DiskArbitration
0x00007fff71146000 	/usr/lib/liblangid.dylib
0x00007fff65da9000 	/System/Library/PrivateFrameworks/MultitouchSupport.framework/Versions/A/MultitouchSupport
0x00007fff49b5a000 	/System/Library/Frameworks/IOKit.framework/Versions/A/IOKit
0x00007fff6fd63000 	/usr/lib/libDiagnosticMessagesClient.dylib
0x00007fff48475000 	/System/Library/Frameworks/CoreServices.framework/Versions/A/CoreServices
0x00007fff67a63000 	/System/Library/PrivateFrameworks/PerformanceAnalysis.framework/Versions/A/PerformanceAnalysis
0x00007fff50eb1000 	/System/Library/Frameworks/OpenGL.framework/Versions/A/OpenGL
0x00007fff469b7000 	/System/Library/Frameworks/ColorSync.framework/Versions/A/ColorSync
0x00007fff47cf7000 	/System/Library/Frameworks/CoreImage.framework/Versions/A/CoreImage
0x00007fff48e4d000 	/System/Library/Frameworks/CoreText.framework/Versions/A/CoreText
0x00007fff49c4e000 	/System/Library/Frameworks/ImageIO.framework/Versions/A/ImageIO
0x00007fff57f7b000 	/System/Library/PrivateFrameworks/Backup.framework/Versions/A/Backup
0x00007fff7024a000 	/usr/lib/libarchive.2.dylib
0x00007fff460f0000 	/System/Library/Frameworks/CFNetwork.framework/Versions/A/CFNetwork
0x00007fff52eb3000 	/System/Library/Frameworks/SystemConfiguration.framework/Versions/A/SystemConfiguration
0x00007fff6fc94000 	/usr/lib/libCRFSuite.dylib
0x00007fff703e8000 	/usr/lib/libc++.1.dylib
0x00007fff7043c000 	/usr/lib/libc++abi.dylib
0x00007fff73042000 	/usr/lib/system/libcache.dylib
0x00007fff73047000 	/usr/lib/system/libcommonCrypto.dylib
0x00007fff73052000 	/usr/lib/system/libcompiler_rt.dylib
0x00007fff7305a000 	/usr/lib/system/libcopyfile.dylib
0x00007fff73064000 	/usr/lib/system/libcorecrypto.dylib
0x00007fff7316f000 	/usr/lib/system/libdispatch.dylib
0x00007fff731a9000 	/usr/lib/system/libdyld.dylib
0x00007fff731d6000 	/usr/lib/system/libkeymgr.dylib
0x00007fff731e4000 	/usr/lib/system/liblaunch.dylib
0x00007fff731e5000 	/usr/lib/system/libmacho.dylib
0x00007fff731eb000 	/usr/lib/system/libquarantine.dylib
0x00007fff731ee000 	/usr/lib/system/libremovefile.dylib
0x00007fff731f0000 	/usr/lib/system/libsystem_asl.dylib
0x00007fff73208000 	/usr/lib/system/libsystem_blocks.dylib
0x00007fff73209000 	/usr/lib/system/libsystem_c.dylib
0x00007fff73291000 	/usr/lib/system/libsystem_configuration.dylib
0x00007fff73295000 	/usr/lib/system/libsystem_coreservices.dylib
0x00007fff73299000 	/usr/lib/system/libsystem_darwin.dylib
0x00007fff732a0000 	/usr/lib/system/libsystem_dnssd.dylib
0x00007fff732a7000 	/usr/lib/system/libsystem_info.dylib
0x00007fff7331c000 	/usr/lib/system/libsystem_m.dylib
0x00007fff73368000 	/usr/lib/system/libsystem_malloc.dylib
0x00007fff73393000 	/usr/lib/system/libsystem_networkextension.dylib
0x00007fff7339e000 	/usr/lib/system/libsystem_notify.dylib
0x00007fff733bb000 	/usr/lib/system/libsystem_sandbox.dylib
0x00007fff733bf000 	/usr/lib/system/libsystem_secinit.dylib
0x00007fff732f3000 	/usr/lib/system/libsystem_kernel.dylib
0x00007fff733a6000 	/usr/lib/system/libsystem_platform.dylib
0x00007fff733b0000 	/usr/lib/system/libsystem_pthread.dylib
0x00007fff733c2000 	/usr/lib/system/libsystem_symptoms.dylib
0x00007fff733ca000 	/usr/lib/system/libsystem_trace.dylib
0x00007fff733e1000 	/usr/lib/system/libunwind.dylib
0x00007fff733e7000 	/usr/lib/system/libxpc.dylib
0x00007fff703c9000 	/usr/lib/libbsm.0.dylib
0x00007fff731d7000 	/usr/lib/system/libkxld.dylib
0x00007fff5736c000 	/System/Library/PrivateFrameworks/AppleFSCompression.framework/Versions/A/AppleFSCompression
0x00007fff70063000 	/usr/lib/libOpenScriptingUtil.dylib
0x00007fff706f1000 	/usr/lib/libcoretls.dylib
0x00007fff70708000 	/usr/lib/libcoretls_cfhelpers.dylib
0x00007fff72173000 	/usr/lib/libpam.2.dylib
0x00007fff72333000 	/usr/lib/libsqlite3.dylib
0x00007fff7272d000 	/usr/lib/libxar.1.dylib
0x00007fff703da000 	/usr/lib/libbz2.1.0.dylib
0x00007fff71148000 	/usr/lib/liblzma.5.dylib
0x00007fff715f9000 	/usr/lib/libnetwork.dylib
0x00007fff70233000 	/usr/lib/libapple_nghttp2.dylib
0x00007fff7217a000 	/usr/lib/libpcap.A.dylib
0x00007fff48814000 	/System/Library/Frameworks/CoreServices.framework/Versions/A/Frameworks/FSEvents.framework/Versions/A/FSEvents
0x00007fff484f3000 	/System/Library/Frameworks/CoreServices.framework/Versions/A/Frameworks/CarbonCore.framework/Versions/A/CarbonCore
0x00007fff489cf000 	/System/Library/Frameworks/CoreServices.framework/Versions/A/Frameworks/Metadata.framework/Versions/A/Metadata
0x00007fff48a6e000 	/System/Library/Frameworks/CoreServices.framework/Versions/A/Frameworks/OSServices.framework/Versions/A/OSServices
0x00007fff48ab9000 	/System/Library/Frameworks/CoreServices.framework/Versions/A/Frameworks/SearchKit.framework/Versions/A/SearchKit
0x00007fff48476000 	/System/Library/Frameworks/CoreServices.framework/Versions/A/Frameworks/AE.framework/Versions/A/AE
0x00007fff4881d000 	/System/Library/Frameworks/CoreServices.framework/Versions/A/Frameworks/LaunchServices.framework/Versions/A/LaunchServices
0x00007fff487cb000 	/System/Library/Frameworks/CoreServices.framework/Versions/A/Frameworks/DictionaryServices.framework/Versions/A/DictionaryServices
0x00007fff48b21000 	/System/Library/Frameworks/CoreServices.framework/Versions/A/Frameworks/SharedFileList.framework/Versions/A/SharedFileList
0x00007fff4ce8c000 	/System/Library/Frameworks/NetFS.framework/Versions/A/NetFS
0x00007fff6600f000 	/System/Library/PrivateFrameworks/NetAuth.framework/Versions/A/NetAuth
0x00007fff6f9c8000 	/System/Library/PrivateFrameworks/login.framework/Versions/A/Frameworks/loginsupport.framework/Versions/A/loginsupport
0x00007fff6dae8000 	/System/Library/PrivateFrameworks/TCC.framework/Versions/A/TCC
0x00007fff5af86000 	/System/Library/PrivateFrameworks/CoreNLP.framework/Versions/A/CoreNLP
0x00007fff65aa4000 	/System/Library/PrivateFrameworks/MetadataUtilities.framework/Versions/A/MetadataUtilities
0x00007fff7121d000 	/usr/lib/libmecabra.dylib
0x00007fff4563c000 	/System/Library/Frameworks/ApplicationServices.framework/Versions/A/Frameworks/ATS.framework/Versions/A/ATS
0x00007fff4598b000 	/System/Library/Frameworks/ApplicationServices.framework/Versions/A/Frameworks/ColorSyncLegacy.framework/Versions/A/ColorSyncLegacy
0x00007fff45a2a000 	/System/Library/Frameworks/ApplicationServices.framework/Versions/A/Frameworks/HIServices.framework/Versions/A/HIServices
0x00007fff45a7d000 	/System/Library/Frameworks/ApplicationServices.framework/Versions/A/Frameworks/LangAnalysis.framework/Versions/A/LangAnalysis
0x00007fff45a8d000 	/System/Library/Frameworks/ApplicationServices.framework/Versions/A/Frameworks/PrintCore.framework/Versions/A/PrintCore
0x00007fff45ad7000 	/System/Library/Frameworks/ApplicationServices.framework/Versions/A/Frameworks/QD.framework/Versions/A/QD
0x00007fff45b11000 	/System/Library/Frameworks/ApplicationServices.framework/Versions/A/Frameworks/SpeechSynthesis.framework/Versions/A/SpeechSynthesis
0x00007fff70464000 	/usr/lib/libcompression.dylib
0x00007fff4c094000 	/System/Library/Frameworks/MetalPerformanceShaders.framework/Versions/A/MetalPerformanceShaders
0x00007fff43618000 	/System/Library/Frameworks/Accelerate.framework/Versions/A/Frameworks/vImage.framework/Versions/A/vImage
0x00007fff44692000 	/System/Library/Frameworks/Accelerate.framework/Versions/A/Frameworks/vecLib.framework/Versions/A/vecLib
0x00007fff445de000 	/System/Library/Frameworks/Accelerate.framework/Versions/A/Frameworks/vecLib.framework/Versions/A/libvMisc.dylib
0x00007fff443f6000 	/System/Library/Frameworks/Accelerate.framework/Versions/A/Frameworks/vecLib.framework/Versions/A/libvDSP.dylib
0x00007fff43cb2000 	/System/Library/Frameworks/Accelerate.framework/Versions/A/Frameworks/vecLib.framework/Versions/A/libBLAS.dylib
0x00007fff43f9f000 	/System/Library/Frameworks/Accelerate.framework/Versions/A/Frameworks/vecLib.framework/Versions/A/libLAPACK.dylib
0x00007fff44349000 	/System/Library/Frameworks/Accelerate.framework/Versions/A/Frameworks/vecLib.framework/Versions/A/libLinearAlgebra.dylib
0x00007fff443e2000 	/System/Library/Frameworks/Accelerate.framework/Versions/A/Frameworks/vecLib.framework/Versions/A/libSparseBLAS.dylib
0x00007fff4435f000 	/System/Library/Frameworks/Accelerate.framework/Versions/A/Frameworks/vecLib.framework/Versions/A/libQuadrature.dylib
0x00007fff43f2c000 	/System/Library/Frameworks/Accelerate.framework/Versions/A/Frameworks/vecLib.framework/Versions/A/libBNNS.dylib
0x00007fff44365000 	/System/Library/Frameworks/Accelerate.framework/Versions/A/Frameworks/vecLib.framework/Versions/A/libSparse.dylib
0x00007fff622d4000 	/System/Library/PrivateFrameworks/GPUWrangler.framework/Versions/A/GPUWrangler
0x00007fff645d3000 	/System/Library/PrivateFrameworks/IOAccelerator.framework/Versions/A/IOAccelerator
0x00007fff645de000 	/System/Library/PrivateFrameworks/IOPresentment.framework/Versions/A/IOPresentment
0x00007fff5bd5e000 	/System/Library/PrivateFrameworks/DSExternalDisplay.framework/Versions/A/DSExternalDisplay
0x00007fff50308000 	/System/Library/Frameworks/OpenGL.framework/Versions/A/Libraries/libCoreFSCache.dylib
0x00007fff4be88000 	/System/Library/Frameworks/MetalPerformanceShaders.framework/Frameworks/MPSCore.framework/Versions/A/MPSCore
0x00007fff4bea8000 	/System/Library/Frameworks/MetalPerformanceShaders.framework/Frameworks/MPSImage.framework/Versions/A/MPSImage
0x00007fff4bf4d000 	/System/Library/Frameworks/MetalPerformanceShaders.framework/Frameworks/MPSNeuralNetwork.framework/Versions/A/MPSNeuralNetwork
0x00007fff4bf25000 	/System/Library/Frameworks/MetalPerformanceShaders.framework/Frameworks/MPSMatrix.framework/Versions/A/MPSMatrix
0x00007fff4c079000 	/System/Library/Frameworks/MetalPerformanceShaders.framework/Frameworks/MPSRayIntersector.framework/Versions/A/MPSRayIntersector
0x00007fff65acd000 	/System/Library/PrivateFrameworks/MetalTools.framework/Versions/A/MetalTools
0x00007fff56c16000 	/System/Library/PrivateFrameworks/AggregateDictionary.framework/Versions/A/AggregateDictionary
0x00007fff70043000 	/usr/lib/libMobileGestalt.dylib
0x00007fff48fb0000 	/System/Library/Frameworks/CoreVideo.framework/Versions/A/CoreVideo
0x00007fff630e5000 	/System/Library/PrivateFrameworks/GraphVisualizer.framework/Versions/A/GraphVisualizer
0x00007fff5cf64000 	/System/Library/PrivateFrameworks/FaceCore.framework/Versions/A/FaceCore
0x00007fff4f936000 	/System/Library/Frameworks/OpenCL.framework/Versions/A/OpenCL
0x00007fff6fd9b000 	/usr/lib/libFosl_dynamic.dylib
0x00007fff6687a000 	/System/Library/PrivateFrameworks/OTSVG.framework/Versions/A/OTSVG
0x00007fff45740000 	/System/Library/Frameworks/ApplicationServices.framework/Versions/A/Frameworks/ATS.framework/Versions/A/Resources/libFontParser.dylib
0x00007fff45858000 	/System/Library/Frameworks/ApplicationServices.framework/Versions/A/Frameworks/ATS.framework/Versions/A/Resources/libFontRegistry.dylib
0x00007fff49ebd000 	/System/Library/Frameworks/ImageIO.framework/Versions/A/Resources/libJPEG.dylib
0x00007fff4a1cf000 	/System/Library/Frameworks/ImageIO.framework/Versions/A/Resources/libTIFF.dylib
0x00007fff4a1a5000 	/System/Library/Frameworks/ImageIO.framework/Versions/A/Resources/libPng.dylib
0x00007fff49ddb000 	/System/Library/Frameworks/ImageIO.framework/Versions/A/Resources/libGIF.dylib
0x00007fff49de0000 	/System/Library/Frameworks/ImageIO.framework/Versions/A/Resources/libJP2.dylib
0x00007fff4a1cc000 	/System/Library/Frameworks/ImageIO.framework/Versions/A/Resources/libRadiance.dylib
0x00007fff574c3000 	/System/Library/PrivateFrameworks/AppleJPEG.framework/Versions/A/AppleJPEG
0x00007fff50313000 	/System/Library/Frameworks/OpenGL.framework/Versions/A/Libraries/libGFXShared.dylib
0x00007fff504d6000 	/System/Library/Frameworks/OpenGL.framework/Versions/A/Libraries/libGLU.dylib
0x00007fff5031c000 	/System/Library/Frameworks/OpenGL.framework/Versions/A/Libraries/libGL.dylib
0x00007fff50328000 	/System/Library/Frameworks/OpenGL.framework/Versions/A/Libraries/libGLImage.dylib
0x00007fff50305000 	/System/Library/Frameworks/OpenGL.framework/Versions/A/Libraries/libCVMSPluginSupport.dylib
0x00007fff5030e000 	/System/Library/Frameworks/OpenGL.framework/Versions/A/Libraries/libCoreVMClient.dylib
0x00007fff70bb5000 	/usr/lib/libcups.2.dylib
0x00007fff4b38f000 	/System/Library/Frameworks/Kerberos.framework/Versions/A/Kerberos
0x00007fff498be000 	/System/Library/Frameworks/GSS.framework/Versions/A/GSS
0x00007fff722c8000 	/usr/lib/libresolv.9.dylib
0x00007fff70da7000 	/usr/lib/libiconv.2.dylib
0x00007fff6325a000 	/System/Library/PrivateFrameworks/Heimdal.framework/Versions/A/Heimdal
0x00007fff70d77000 	/usr/lib/libheimdal-asn1.dylib
0x00007fff4f9aa000 	/System/Library/Frameworks/OpenDirectory.framework/Versions/A/OpenDirectory
0x00007fff59ce9000 	/System/Library/PrivateFrameworks/CommonAuth.framework/Versions/A/CommonAuth
0x00007fff4f98e000 	/System/Library/Frameworks/OpenDirectory.framework/Versions/A/Frameworks/CFOpenDirectory.framework/Versions/A/CFOpenDirectory
0x00007fff52a58000 	/System/Library/Frameworks/SecurityFoundation.framework/Versions/A/SecurityFoundation
0x00007fff5615c000 	/System/Library/PrivateFrameworks/APFS.framework/Versions/A/APFS
0x00007fff72729000 	/usr/lib/libutil.dylib
0x00007fff70452000 	/usr/lib/libcharset.1.dylib
0x00007fff57760000 	/System/Library/PrivateFrameworks/AppleSauce.framework/Versions/A/AppleSauce
0x00007fff578e1000 	/System/Library/PrivateFrameworks/AssertionServices.framework/Versions/A/AssertionServices
0x00007fff58011000 	/System/Library/PrivateFrameworks/BaseBoard.framework/Versions/A/BaseBoard
0x00007fff71178000 	/usr/lib/libmecab.1.0.0.dylib
0x00007fff70d71000 	/usr/lib/libgermantok.dylib
0x00007fff70220000 	/usr/lib/libThaiTokenizer.dylib
0x00007fff6fccb000 	/usr/lib/libChineseTokenizer.dylib
0x00007fff64c8b000 	/System/Library/PrivateFrameworks/LanguageModeling.framework/Versions/A/LanguageModeling
0x00007fff5a9cb000 	/System/Library/PrivateFrameworks/CoreEmoji.framework/Versions/A/CoreEmoji
0x00007fff64d67000 	/System/Library/PrivateFrameworks/Lexicon.framework/Versions/A/Lexicon
0x00007fff64daa000 	/System/Library/PrivateFrameworks/LinguisticData.framework/Versions/A/LinguisticData
0x00007fff70453000 	/usr/lib/libcmph.dylib
0x00007fff52b16000 	/System/Library/Frameworks/ServiceManagement.framework/Versions/A/ServiceManagement
0x00007fff57f72000 	/System/Library/PrivateFrameworks/BackgroundTaskManagement.framework/Versions/A/BackgroundTaskManagement
0x00007fff72823000 	/usr/lib/libxslt.1.dylib
0x00007fff467ae000 	/System/Library/Frameworks/Carbon.framework/Versions/A/Frameworks/Ink.framework/Versions/A/Ink
0x00007fff6dd5a000 	/System/Library/PrivateFrameworks/TextureIO.framework/Versions/A/TextureIO
0x00007fff70274000 	/usr/lib/libate.dylib
0x00007fff5bcad000 	/System/Library/PrivateFrameworks/CrashReporterSupport.framework/Versions/A/CrashReporterSupport
0x00007fff6b494000 	/System/Library/PrivateFrameworks/Sharing.framework/Versions/A/Sharing
0x00007fff57cc4000 	/System/Library/PrivateFrameworks/AuthKit.framework/Versions/A/AuthKit
0x00007fff57218000 	/System/Library/PrivateFrameworks/Apple80211.framework/Versions/A/Apple80211
0x00007fff5ba55000 	/System/Library/PrivateFrameworks/CoreUtils.framework/Versions/A/CoreUtils
0x00007fff48ff1000 	/System/Library/Frameworks/CoreWLAN.framework/Versions/A/CoreWLAN
0x00007fff499ed000 	/System/Library/Frameworks/IOBluetooth.framework/Versions/A/IOBluetooth
0x00007fff69904000 	/System/Library/PrivateFrameworks/ProtocolBuffer.framework/Versions/A/ProtocolBuffer
0x00007fff65d05000 	/System/Library/PrivateFrameworks/MobileKeyBag.framework/Versions/A/MobileKeyBag
0x00007fff5b299000 	/System/Library/PrivateFrameworks/CorePhoneNumbers.framework/Versions/A/CorePhoneNumbers
0x00007fff57477000 	/System/Library/PrivateFrameworks/AppleIDAuthSupport.framework/Versions/A/AppleIDAuthSupport
0x00007fff64c5e000 	/System/Library/PrivateFrameworks/KeychainCircle.framework/Versions/A/KeychainCircle
0x00007fff69aba000 	/System/Library/PrivateFrameworks/ROCKit.framework/Versions/A/ROCKit
0x00007fff5bc49000 	/System/Library/PrivateFrameworks/CoreWiFi.framework/Versions/A/CoreWiFi
0x00007fff46d7c000 	/System/Library/Frameworks/CoreBluetooth.framework/Versions/A/CoreBluetooth
0x00007fff5bea4000 	/System/Library/PrivateFrameworks/DebugSymbols.framework/Versions/A/DebugSymbols
0x00007fff5b815000 	/System/Library/PrivateFrameworks/CoreSymbolication.framework/Versions/A/CoreSymbolication
0x00007fff6d575000 	/System/Library/PrivateFrameworks/Symbolication.framework/Versions/A/Symbolication
0x00007fff6ce18000 	/System/Library/PrivateFrameworks/SpeechRecognitionCore.framework/Versions/A/SpeechRecognitionCore
0x00007fff3b958000 	/System/Library/CoreServices/Encodings/libTraditionalChineseConverter.dylib
0x0000000105c00000 	/Library/Java/JavaVirtualMachines/jdk-11.0.2.jdk/Contents/Home/lib/server/libjvm.dylib
0x00000001052cb000 	/Library/Java/JavaVirtualMachines/jdk-11.0.2.jdk/Contents/Home/lib/libverify.dylib
0x00000001052d7000 	/Library/Java/JavaVirtualMachines/jdk-11.0.2.jdk/Contents/Home/lib/libjava.dylib
0x000000010531d000 	/Library/Java/JavaVirtualMachines/jdk-11.0.2.jdk/Contents/Home/lib/libinstrument.dylib
0x00000001053b5000 	/Library/Java/JavaVirtualMachines/jdk-11.0.2.jdk/Contents/Home/lib/libzip.dylib
0x00000001053bd000 	/Library/Java/JavaVirtualMachines/jdk-11.0.2.jdk/Contents/Home/lib/libjimage.dylib
0x000000010a9fb000 	/Library/Java/JavaVirtualMachines/jdk-11.0.2.jdk/Contents/Home/lib/libnio.dylib
0x000000010aa09000 	/Library/Java/JavaVirtualMachines/jdk-11.0.2.jdk/Contents/Home/lib/./libnet.dylib
0x000000010a8d4000 	/Library/Java/JavaVirtualMachines/jdk-11.0.2.jdk/Contents/Home/lib/libextnet.dylib
0x000000010a8e9000 	/private/var/folders/zg/jyq_6t5x04lfvk6mf3zlh7740000gn/T/lwjgljoseph/3.2.3-build-13/liblwjgl.dylib
0x000000010aca5000 	/var/folders/zg/jyq_6t5x04lfvk6mf3zlh7740000gn/T/lwjgljoseph/3.2.3-build-13/libglfw.dylib
0x00007fff5b41d000 	/System/Library/PrivateFrameworks/CoreServicesInternal.framework/Versions/A/CoreServicesInternal
0x00007fff6ed13000 	/System/Library/PrivateFrameworks/ViewBridge.framework/Versions/A/ViewBridge
0x00007fff43601000 	/System/Library/Frameworks/Accelerate.framework/Versions/A/Frameworks/vImage.framework/Versions/A/Libraries/libCGInterfaces.dylib
0x000000010b328000 	/usr/lib/libobjc-trampolines.dylib
0x00007fff458f4000 	/System/Library/Frameworks/ApplicationServices.framework/Versions/A/Frameworks/ATS.framework/Versions/A/Resources/libTrueTypeScaler.dylib
0x00007fff50ec1000 	/System/Library/Frameworks/OpenGL.framework/Versions/A/Resources/GLEngine.bundle/GLEngine
0x00007fff50363000 	/System/Library/Frameworks/OpenGL.framework/Versions/A/Libraries/libGLProgrammability.dylib
0x00007fff3f9ee000 	/System/Library/Extensions/AppleIntelKBLGraphicsGLDriver.bundle/Contents/MacOS/AppleIntelKBLGraphicsGLDriver
0x00007fff622c8000 	/System/Library/PrivateFrameworks/GPUSupport.framework/Versions/A/Libraries/libGPUSupportMercury.dylib
0x00007fff51059000 	/System/Library/Frameworks/OpenGL.framework/Versions/A/Resources/GLRendererFloat.bundle/GLRendererFloat
0x00007fff4f92d000 	/System/Library/Frameworks/OpenCL.framework/Versions/A/Libraries/libcldcpuengine.dylib
0x00007fff708a7000 	/usr/lib/libcrypto.35.dylib
0x00007fff6ded8000 	/System/Library/PrivateFrameworks/TrustEvaluationAgent.framework/Versions/A/TrustEvaluationAgent
0x000000012a307000 	/private/var/folders/zg/jyq_6t5x04lfvk6mf3zlh7740000gn/T/lwjgljoseph/3.2.3-build-13/liblwjgl_opengl.dylib
0x000000012a680000 	/private/var/folders/zg/jyq_6t5x04lfvk6mf3zlh7740000gn/T/lwjgljoseph/3.2.3-build-13/liblwjgl_stb.dylib


VM Arguments:
jvm_args: -javaagent:/Applications/IntelliJ IDEA.app/Contents/lib/idea_rt.jar=51849:/Applications/IntelliJ IDEA.app/Contents/bin -Dfile.encoding=UTF-8 
java_command: MainGame.HelloWorld
java_class_path (initial): /Users/joseph/lwjgl3/target/test-classes:/Users/joseph/lwjgl3/target/classes:/Users/joseph/.m2/repository/org/lwjgl/lwjgl/3.2.3/lwjgl-3.2.3.jar:/Users/joseph/.m2/repository/org/lwjgl/lwjgl-assimp/3.2.3/lwjgl-assimp-3.2.3.jar:/Users/joseph/.m2/repository/org/lwjgl/lwjgl-glfw/3.2.3/lwjgl-glfw-3.2.3.jar:/Users/joseph/.m2/repository/org/lwjgl/lwjgl-openal/3.2.3/lwjgl-openal-3.2.3.jar:/Users/joseph/.m2/repository/org/lwjgl/lwjgl-opengl/3.2.3/lwjgl-opengl-3.2.3.jar:/Users/joseph/.m2/repository/org/lwjgl/lwjgl-stb/3.2.3/lwjgl-stb-3.2.3.jar:/Users/joseph/.m2/repository/org/lwjgl/lwjgl/3.2.3/lwjgl-3.2.3-natives-macos.jar:/Users/joseph/.m2/repository/org/lwjgl/lwjgl-assimp/3.2.3/lwjgl-assimp-3.2.3-natives-macos.jar:/Users/joseph/.m2/repository/org/lwjgl/lwjgl-glfw/3.2.3/lwjgl-glfw-3.2.3-natives-macos.jar:/Users/joseph/.m2/repository/org/lwjgl/lwjgl-openal/3.2.3/lwjgl-openal-3.2.3-natives-macos.jar:/Users/joseph/.m2/repository/org/lwjgl/lwjgl-opengl/3.2.3/lwjgl-opengl-3.2.3-natives-macos.jar:/Users/joseph/.m2/repository/org/lwjgl/lwjgl-stb/3.2.3/lwjgl-stb-3.2.3-natives-macos.jar:/Users/joseph/.m2/repository/org/joml/joml/1.9.22/joml-1.9.22.jar:/Users/joseph/.m2/repository/org/l33tlabs/twl/pngdecoder/1.0/pngdecoder-1.0.jar
Launcher Type: SUN_STANDARD

[Global flags]
     intx CICompilerCount                          = 3                                         {product} {ergonomic}
     uint ConcGCThreads                            = 1                                         {product} {ergonomic}
     uint G1ConcRefinementThreads                  = 4                                         {product} {ergonomic}
   size_t G1HeapRegionSize                         = 1048576                                   {product} {ergonomic}
    uintx GCDrainStackTargetSize                   = 64                                        {product} {ergonomic}
   size_t InitialHeapSize                          = 134217728                                 {product} {ergonomic}
   size_t MarkStackSize                            = 4194304                                   {product} {ergonomic}
   size_t MaxHeapSize                              = 2147483648                                {product} {ergonomic}
   size_t MaxNewSize                               = 1287651328                                {product} {ergonomic}
   size_t MinHeapDeltaBytes                        = 1048576                                   {product} {ergonomic}
    uintx NonNMethodCodeHeapSize                   = 5830092                                {pd product} {ergonomic}
    uintx NonProfiledCodeHeapSize                  = 122914074                              {pd product} {ergonomic}
    uintx ProfiledCodeHeapSize                     = 122914074                              {pd product} {ergonomic}
    uintx ReservedCodeCacheSize                    = 251658240                              {pd product} {ergonomic}
     bool SegmentedCodeCache                       = true                                      {product} {ergonomic}
     bool UseCompressedClassPointers               = true                                 {lp64_product} {ergonomic}
     bool UseCompressedOops                        = true                                 {lp64_product} {ergonomic}
     bool UseG1GC                                  = true                                      {product} {ergonomic}

Logging:
Log output configuration:
 #0: stdout all=warning uptime,level,tags
 #1: stderr all=off uptime,level,tags

Environment Variables:
PATH=/usr/local/bin:/usr/bin:/bin:/usr/sbin:/sbin:/usr/local/go/bin:/usr/local/share/dotnet:~/.dotnet/tools:/Library/Frameworks/Mono.framework/Versions/Current/Commands
SHELL=/bin/zsh

Signal Handlers:
SIGSEGV: [libjvm.dylib+0x740190], sa_mask[0]=11111111011111110111111111111111, sa_flags=SA_ONSTACK|SA_RESTART|SA_SIGINFO
SIGBUS: [libjvm.dylib+0x740190], sa_mask[0]=11111111011111110111111111111111, sa_flags=SA_RESTART|SA_SIGINFO
SIGFPE: [libjvm.dylib+0x740190], sa_mask[0]=11111111011111110111111111111111, sa_flags=SA_RESTART|SA_SIGINFO
SIGPIPE: [libjvm.dylib+0x5f2e42], sa_mask[0]=11111111011111110111111111111111, sa_flags=SA_RESTART|SA_SIGINFO
SIGXFSZ: [libjvm.dylib+0x5f2e42], sa_mask[0]=11111111011111110111111111111111, sa_flags=SA_RESTART|SA_SIGINFO
SIGILL: [libjvm.dylib+0x740190], sa_mask[0]=11111111011111110111111111111111, sa_flags=SA_RESTART|SA_SIGINFO
SIGUSR2: [libjvm.dylib+0x5f3427], sa_mask[0]=00100000000000000000000000000000, sa_flags=SA_RESTART|SA_SIGINFO
SIGHUP: [libjvm.dylib+0x5f1e83], sa_mask[0]=11111111011111110111111111111111, sa_flags=SA_RESTART|SA_SIGINFO
SIGINT: [libjvm.dylib+0x5f1e83], sa_mask[0]=11111111011111110111111111111111, sa_flags=SA_RESTART|SA_SIGINFO
SIGTERM: [libjvm.dylib+0x5f1e83], sa_mask[0]=11111111011111110111111111111111, sa_flags=SA_RESTART|SA_SIGINFO
SIGQUIT: [libjvm.dylib+0x5f1e83], sa_mask[0]=11111111011111110111111111111111, sa_flags=SA_RESTART|SA_SIGINFO


---------------  S Y S T E M  ---------------

OS:uname:Darwin 18.7.0 Darwin Kernel Version 18.7.0: Thu Jan 23 06:52:12 PST 2020; root:xnu-4903.278.25~1/RELEASE_X86_64 x86_64
rlimit: STACK 8192k, CORE 0k, NPROC 709, NOFILE 10240, AS infinity, DATA infinity, FSIZE infinity
load average:2.04 2.55 2.72

CPU:total 4 (initial active 4) (2 cores per cpu, 2 threads per core) family 6 model 142 stepping 9, cmov, cx8, fxsr, mmx, sse, sse2, sse3, ssse3, sse4.1, sse4.2, popcnt, avx, avx2, aes, clmul, erms, rtm, 3dnowpref, lzcnt, ht, tsc, tscinvbit, bmi1, bmi2, adx, fma

Memory: 4k page, physical 8388608k(23596k free)

vm_info: Java HotSpot(TM) 64-Bit Server VM (11.0.2+9-LTS) for bsd-amd64 JRE (11.0.2+9-LTS), built on Jan 18 2019 08:16:46 by "mach5one" with gcc 4.2.1 Compatible Apple LLVM 9.1.0 (clang-902.0.39.2)

END.
