#
# A fatal error has been detected by the Java Runtime Environment:
#
#  SIGSEGV (0xb) at pc=0x00007fff733a7e31, pid=15692, tid=775
#
# JRE version: Java(TM) SE Runtime Environment (11.0.2+9) (build 11.0.2+9-LTS)
# Java VM: Java HotSpot(TM) 64-Bit Server VM (11.0.2+9-LTS, mixed mode, tiered, compressed oops, g1 gc, bsd-amd64)
# Problematic frame:
# C  [libsystem_platform.dylib+0x1e31]  _platform_memmove$VARIANT$Haswell+0x171
#
# No core dump will be written. Core dumps have been disabled. To enable core dumping, try "ulimit -c unlimited" before starting Java again
#
# If you would like to submit a bug report, please visit:
#   http://bugreport.java.com/bugreport/crash.jsp
# The crash happened outside the Java Virtual Machine in native code.
# See problematic frame for where to report the bug.
#

---------------  S U M M A R Y ------------

Command Line: -javaagent:/Applications/IntelliJ IDEA.app/Contents/lib/idea_rt.jar=61490:/Applications/IntelliJ IDEA.app/Contents/bin -Dfile.encoding=UTF-8 MainGame.HelloWorld

Host: MacBookPro14,1 x86_64 2300 MHz, 4 cores, 8G, Darwin 18.7.0
Time: Sat Mar 28 12:53:00 2020 CST elapsed time: 1 seconds (0d 0h 0m 1s)

---------------  T H R E A D  ---------------

Current thread (0x00007f814600a000):  JavaThread "main" [_thread_in_native, id=775, stack(0x00007ffeeb161000,0x00007ffeeb961000)]

Stack: [0x00007ffeeb161000,0x00007ffeeb961000],  sp=0x00007ffeeb95d250,  free space=8176k
Native frames: (J=compiled Java code, A=aot compiled Java code, j=interpreted, Vv=VM code, C=native code)
C  [libsystem_platform.dylib+0x1e31]  _platform_memmove$VARIANT$Haswell+0x171
C  [AppleIntelKBLGraphicsGLDriver+0x1ecfd]  glrWriteTextureData+0x15a3
C  [GLEngine+0x18d36]  glTexImage2D_Exec+0x521
C  [libGL.dylib+0x3622]  glTexImage2D+0x3b
C  [liblwjgl_opengl.dylib+0xb22e]
[error occurred during error reporting (printing native stack), id 0xe0000000, Internal Error (/scratch/mesos/slaves/07fc96ef-bf4d-487f-b22f-a84e49f5f44a-S27799/frameworks/1735e8a2-a1db-478c-8104-60c8b0af87dd-0196/executors/23259148-f5c6-492a-83be-44c13ecc6561/runs/a079e66e-7a74-497b-8aee-a8f77a442865/workspace/open/src/hotspot/os/bsd/decoder_machO.hpp:43)]

Java frames: (J=compiled Java code, j=interpreted, Vv=VM code)
j  org.lwjgl.opengl.GL11C.nglTexImage2D(IIIIIIIIJ)V+0
j  org.lwjgl.opengl.GL11C.glTexImage2D(IIIIIIIILjava/nio/ByteBuffer;)V+17
j  org.lwjgl.opengl.GL11.glTexImage2D(IIIIIIIILjava/nio/ByteBuffer;)V+14
j  Render.Texture.loadTexture(Ljava/lang/String;)I+150
j  Render.Texture.<init>(Ljava/lang/String;)V+11
j  Render.Sheet.<init>(Ljava/lang/String;IILRender/Shader;)V+2
j  Scenes.bulletTest.init()V+31
j  Scenes.bulletTest.<init>(J)V+190
j  MainGame.HelloWorld.loop()V+43
j  MainGame.HelloWorld.run()V+19
j  MainGame.HelloWorld.main([Ljava/lang/String;)V+7
v  ~StubRoutines::call_stub

siginfo: si_signo: 11 (SIGSEGV), si_code: 1 (SEGV_MAPERR), si_addr: 0x000000012841b000

Register to memory mapping:

RAX=0x00000001281e3000 points into unknown readable memory: 00 00 00 00 00 00 00 00
RBX=0x000000012841ac40 points into unknown readable memory: 00 00 00 00 00 00 00 00
RCX=0x0000000000000020 is an unknown value
RDX=0x0000000000000400 is an unknown value
RSP=0x00007ffeeb95d250 is pointing into the stack for thread: 0x00007f814600a000
RBP=0x00007ffeeb95d250 is pointing into the stack for thread: 0x00007f814600a000
RSI=0x000000012841afe0 points into unknown readable memory: 00 00 00 00 00 00 00 00
RDI=0x00000001281e33a0 points into unknown readable memory: 00 00 00 00 00 00 00 00
R8 =0x0000000000000004 is an unknown value
R9 =0x0000000000000004 is an unknown value
R10=0x0000000000008367 is an unknown value
R11=0xffffffffffdc83c0 is an unknown value
R12=0x0000000000000800 is an unknown value
R13=0x000000000000009e is an unknown value
R14=0x00000000000007e0 is an unknown value
R15=0x00000001281e3000 points into unknown readable memory: 00 00 00 00 00 00 00 00


Registers:
RAX=0x00000001281e3000, RBX=0x000000012841ac40, RCX=0x0000000000000020, RDX=0x0000000000000400
RSP=0x00007ffeeb95d250, RBP=0x00007ffeeb95d250, RSI=0x000000012841afe0, RDI=0x00000001281e33a0
R8 =0x0000000000000004, R9 =0x0000000000000004, R10=0x0000000000008367, R11=0xffffffffffdc83c0
R12=0x0000000000000800, R13=0x000000000000009e, R14=0x00000000000007e0, R15=0x00000001281e3000
RIP=0x00007fff733a7e31, EFLAGS=0x0000000000010206, ERR=0x0000000000000004
  TRAPNO=0x000000000000000e

Top of Stack: (sp=0x00007ffeeb95d250)
0x00007ffeeb95d250:   00007ffeeb95d530 00007fff3fa0ccfd
0x00007ffeeb95d260:   00007ffeeb95d2c4 0000000111cf26fc
0x00007ffeeb95d270:   00007f8100000003 00007f8145af9200
0x00007ffeeb95d280:   00007f8145afa188 0000000400000001
0x00007ffeeb95d290:   0000000100000000 0000001600000004
0x00007ffeeb95d2a0:   0000000000000001 000000017fffffff
0x00007ffeeb95d2b0:   00000000000001f8 0000000000000000
0x00007ffeeb95d2c0:   0000000045af9200 0000000000000000
0x00007ffeeb95d2d0:   0000000111cde098 0000000000000800
0x00007ffeeb95d2e0:   00000000000007e0 00007f8145af9275
0x00007ffeeb95d2f0:   00007f8145af9276 0000000000000001
0x00007ffeeb95d300:   00007f8145af9310 0000000000000000
0x00007ffeeb95d310:   0000000000000000 0000080000000800
0x00007ffeeb95d320:   0000000000000000 0000000000000000
0x00007ffeeb95d330:   0000000000000000 00004001000000c7
0x00007ffeeb95d340:   0000000000000000 0000000000000000
0x00007ffeeb95d350:   00007ffe00000000 0000000000000000
0x00007ffeeb95d360:   00007ffe00000000 0000000000000000
0x00007ffeeb95d370:   0000000000000000 0000000000000000
0x00007ffeeb95d380:   00000001000000c7 0000000000000000
0x00007ffeeb95d390:   0000000000000000 0000000000000000
0x00007ffeeb95d3a0:   0000000000000000 0000000000000000
0x00007ffeeb95d3b0:   0000004f00000000 00000004000000fc
0x00007ffeeb95d3c0:   000000000000009e 0000000000000000
0x00007ffeeb95d3d0:   0000000000000000 0000000000000000
0x00007ffeeb95d3e0:   0000000000000000 0000000000000000
0x00007ffeeb95d3f0:   000000000000009e 00000000000001f8
0x00007ffeeb95d400:   0000009e000001f8 00000001281e3000
0x00007ffeeb95d410:   00000000000000c7 0000000000000001
0x00007ffeeb95d420:   00007f81000001f8 0000000000000000
0x00007ffeeb95d430:   00007f814557b6f0 00007f8100004400
0x00007ffeeb95d440:   000000000000004f 00000004503173e5 

Instructions: (pc=0x00007fff733a7e31)
0x00007fff733a7e11:   66 2e 0f 1f 84 00 00 00 00 00 0f 1f 44 00 00 c5
0x00007fff733a7e21:   fc 29 0f c5 fc 29 57 20 48 83 c7 40 c5 fc 28 0e
0x00007fff733a7e31:   c5 fc 28 56 20 48 83 c6 40 48 83 ea 40 77 e0 c5
0x00007fff733a7e41:   fc 10 1c 16 c5 fc 10 64 16 20 c5 fc 29 0f c5 f4 

Stack slot to memory mapping:
stack at sp + 0 slots: 0x00007ffeeb95d530 is pointing into the stack for thread: 0x00007f814600a000
stack at sp + 1 slots: 0x00007fff3fa0ccfd: glrWriteTextureData+0x15a3 in /System/Library/Extensions/AppleIntelKBLGraphicsGLDriver.bundle/Contents/MacOS/AppleIntelKBLGraphicsGLDriver at 0x00007fff3f9ee000
stack at sp + 2 slots: 0x00007ffeeb95d2c4 is pointing into the stack for thread: 0x00007f814600a000
stack at sp + 3 slots: 0x0000000111cf26fc points into unknown readable memory: 00 00 00 00
stack at sp + 4 slots: 0x00007f8100000003 is an unknown value
stack at sp + 5 slots: 0x00007f8145af9200 points into unknown readable memory: 10 ab ad 45 81 7f 00 00
stack at sp + 6 slots: 0x00007f8145afa188 points into unknown readable memory: 00 70 1d 23 28 00 00 00
stack at sp + 7 slots: 0x0000000400000001 is an unknown value


---------------  P R O C E S S  ---------------

Threads class SMR info:
_java_thread_list=0x00007f81456bd790, length=11, elements={
0x00007f814600a000, 0x00007f814603a000, 0x00007f8146818800, 0x00007f814700e000,
0x00007f814702b800, 0x00007f814681a800, 0x00007f81458d2000, 0x00007f81468ae000,
0x00007f8147072800, 0x00007f8147073000, 0x00007f8145afd800
}

Java Threads: ( => current thread )
=>0x00007f814600a000 JavaThread "main" [_thread_in_native, id=775, stack(0x00007ffeeb161000,0x00007ffeeb961000)]
  0x00007f814603a000 JavaThread "Reference Handler" daemon [_thread_blocked, id=13827, stack(0x000070000f32a000,0x000070000f42a000)]
  0x00007f8146818800 JavaThread "Finalizer" daemon [_thread_blocked, id=14339, stack(0x000070000f42d000,0x000070000f52d000)]
  0x00007f814700e000 JavaThread "Signal Dispatcher" daemon [_thread_blocked, id=18179, stack(0x000070000f530000,0x000070000f630000)]
  0x00007f814702b800 JavaThread "C2 CompilerThread0" daemon [_thread_blocked, id=17667, stack(0x000070000f633000,0x000070000f733000)]
  0x00007f814681a800 JavaThread "C1 CompilerThread0" daemon [_thread_blocked, id=17411, stack(0x000070000f736000,0x000070000f836000)]
  0x00007f81458d2000 JavaThread "Sweeper thread" daemon [_thread_blocked, id=21763, stack(0x000070000f839000,0x000070000f939000)]
  0x00007f81468ae000 JavaThread "Common-Cleaner" daemon [_thread_blocked, id=43011, stack(0x000070000f93c000,0x000070000fa3c000)]
  0x00007f8147072800 JavaThread "Monitor Ctrl-Break" daemon [_thread_in_native, id=22531, stack(0x000070000fa3f000,0x000070000fb3f000)]
  0x00007f8147073000 JavaThread "Service Thread" daemon [_thread_blocked, id=42499, stack(0x000070000fb42000,0x000070000fc42000)]
  0x00007f8145afd800 JavaThread "Attach Listener" daemon [_thread_blocked, id=81415, stack(0x000070000ff54000,0x0000700010054000)]

Other Threads:
  0x00007f814700a000 VMThread "VM Thread" [stack: 0x000070000f227000,0x000070000f327000] [id=20227]
  0x00007f814614e000 WatcherThread [stack: 0x000070000fc45000,0x000070000fd45000] [id=23299]
  0x00007f8146016000 GCTaskThread "GC Thread#0" [stack: 0x000070000ed18000,0x000070000ee18000] [id=11779]
  0x00007f8145827800 ConcurrentGCThread "G1 Main Marker" [stack: 0x000070000ee1b000,0x000070000ef1b000] [id=21251]
  0x00007f8146017000 ConcurrentGCThread "G1 Conc#0" [stack: 0x000070000ef1e000,0x000070000f01e000] [id=20995]
  0x00007f8145857800 ConcurrentGCThread "G1 Refine#0" [stack: 0x000070000f021000,0x000070000f121000] [id=13059]
  0x00007f8145858800 ConcurrentGCThread "G1 Young RemSet Sampling" [stack: 0x000070000f124000,0x000070000f224000] [id=13315]

Threads with active compile tasks:

VM state:not at safepoint (normal execution)

VM Mutex/Monitor currently owned by a thread: None

Heap address: 0x0000000780000000, size: 2048 MB, Compressed Oops mode: Zero based, Oop shift amount: 3
Narrow klass base: 0x0000000800000000, Narrow klass shift: 0
Compressed class space size: 1073741824 Address: 0x0000000800000000

Heap:
 garbage-first heap   total 131072K, used 12288K [0x0000000780000000, 0x0000000800000000)
  region size 1024K, 14 young (14336K), 0 survivors (0K)
 Metaspace       used 11775K, capacity 12046K, committed 12288K, reserved 1060864K
  class space    used 949K, capacity 1023K, committed 1024K, reserved 1048576K
Heap Regions: E=young(eden), S=young(survivor), O=old, HS=humongous(starts), HC=humongous(continues), CS=collection set, F=free, A=archive, TAMS=top-at-mark-start (previous, next)
|   0|0x0000000780000000, 0x0000000780000000, 0x0000000780100000|  0%| F|  |TAMS 0x0000000780000000, 0x0000000780000000| Untracked 
|   1|0x0000000780100000, 0x0000000780100000, 0x0000000780200000|  0%| F|  |TAMS 0x0000000780100000, 0x0000000780100000| Untracked 
|   2|0x0000000780200000, 0x0000000780200000, 0x0000000780300000|  0%| F|  |TAMS 0x0000000780200000, 0x0000000780200000| Untracked 
|   3|0x0000000780300000, 0x0000000780300000, 0x0000000780400000|  0%| F|  |TAMS 0x0000000780300000, 0x0000000780300000| Untracked 
|   4|0x0000000780400000, 0x0000000780400000, 0x0000000780500000|  0%| F|  |TAMS 0x0000000780400000, 0x0000000780400000| Untracked 
|   5|0x0000000780500000, 0x0000000780500000, 0x0000000780600000|  0%| F|  |TAMS 0x0000000780500000, 0x0000000780500000| Untracked 
|   6|0x0000000780600000, 0x0000000780600000, 0x0000000780700000|  0%| F|  |TAMS 0x0000000780600000, 0x0000000780600000| Untracked 
|   7|0x0000000780700000, 0x0000000780700000, 0x0000000780800000|  0%| F|  |TAMS 0x0000000780700000, 0x0000000780700000| Untracked 
|   8|0x0000000780800000, 0x0000000780800000, 0x0000000780900000|  0%| F|  |TAMS 0x0000000780800000, 0x0000000780800000| Untracked 
|   9|0x0000000780900000, 0x0000000780900000, 0x0000000780a00000|  0%| F|  |TAMS 0x0000000780900000, 0x0000000780900000| Untracked 
|  10|0x0000000780a00000, 0x0000000780a00000, 0x0000000780b00000|  0%| F|  |TAMS 0x0000000780a00000, 0x0000000780a00000| Untracked 
|  11|0x0000000780b00000, 0x0000000780b00000, 0x0000000780c00000|  0%| F|  |TAMS 0x0000000780b00000, 0x0000000780b00000| Untracked 
|  12|0x0000000780c00000, 0x0000000780c00000, 0x0000000780d00000|  0%| F|  |TAMS 0x0000000780c00000, 0x0000000780c00000| Untracked 
|  13|0x0000000780d00000, 0x0000000780d00000, 0x0000000780e00000|  0%| F|  |TAMS 0x0000000780d00000, 0x0000000780d00000| Untracked 
|  14|0x0000000780e00000, 0x0000000780e00000, 0x0000000780f00000|  0%| F|  |TAMS 0x0000000780e00000, 0x0000000780e00000| Untracked 
|  15|0x0000000780f00000, 0x0000000780f00000, 0x0000000781000000|  0%| F|  |TAMS 0x0000000780f00000, 0x0000000780f00000| Untracked 
|  16|0x0000000781000000, 0x0000000781000000, 0x0000000781100000|  0%| F|  |TAMS 0x0000000781000000, 0x0000000781000000| Untracked 
|  17|0x0000000781100000, 0x0000000781100000, 0x0000000781200000|  0%| F|  |TAMS 0x0000000781100000, 0x0000000781100000| Untracked 
|  18|0x0000000781200000, 0x0000000781200000, 0x0000000781300000|  0%| F|  |TAMS 0x0000000781200000, 0x0000000781200000| Untracked 
|  19|0x0000000781300000, 0x0000000781300000, 0x0000000781400000|  0%| F|  |TAMS 0x0000000781300000, 0x0000000781300000| Untracked 
|  20|0x0000000781400000, 0x0000000781400000, 0x0000000781500000|  0%| F|  |TAMS 0x0000000781400000, 0x0000000781400000| Untracked 
|  21|0x0000000781500000, 0x0000000781500000, 0x0000000781600000|  0%| F|  |TAMS 0x0000000781500000, 0x0000000781500000| Untracked 
|  22|0x0000000781600000, 0x0000000781600000, 0x0000000781700000|  0%| F|  |TAMS 0x0000000781600000, 0x0000000781600000| Untracked 
|  23|0x0000000781700000, 0x0000000781700000, 0x0000000781800000|  0%| F|  |TAMS 0x0000000781700000, 0x0000000781700000| Untracked 
|  24|0x0000000781800000, 0x0000000781800000, 0x0000000781900000|  0%| F|  |TAMS 0x0000000781800000, 0x0000000781800000| Untracked 
|  25|0x0000000781900000, 0x0000000781900000, 0x0000000781a00000|  0%| F|  |TAMS 0x0000000781900000, 0x0000000781900000| Untracked 
|  26|0x0000000781a00000, 0x0000000781a00000, 0x0000000781b00000|  0%| F|  |TAMS 0x0000000781a00000, 0x0000000781a00000| Untracked 
|  27|0x0000000781b00000, 0x0000000781b00000, 0x0000000781c00000|  0%| F|  |TAMS 0x0000000781b00000, 0x0000000781b00000| Untracked 
|  28|0x0000000781c00000, 0x0000000781c00000, 0x0000000781d00000|  0%| F|  |TAMS 0x0000000781c00000, 0x0000000781c00000| Untracked 
|  29|0x0000000781d00000, 0x0000000781d00000, 0x0000000781e00000|  0%| F|  |TAMS 0x0000000781d00000, 0x0000000781d00000| Untracked 
|  30|0x0000000781e00000, 0x0000000781e00000, 0x0000000781f00000|  0%| F|  |TAMS 0x0000000781e00000, 0x0000000781e00000| Untracked 
|  31|0x0000000781f00000, 0x0000000781f00000, 0x0000000782000000|  0%| F|  |TAMS 0x0000000781f00000, 0x0000000781f00000| Untracked 
|  32|0x0000000782000000, 0x0000000782000000, 0x0000000782100000|  0%| F|  |TAMS 0x0000000782000000, 0x0000000782000000| Untracked 
|  33|0x0000000782100000, 0x0000000782100000, 0x0000000782200000|  0%| F|  |TAMS 0x0000000782100000, 0x0000000782100000| Untracked 
|  34|0x0000000782200000, 0x0000000782200000, 0x0000000782300000|  0%| F|  |TAMS 0x0000000782200000, 0x0000000782200000| Untracked 
|  35|0x0000000782300000, 0x0000000782300000, 0x0000000782400000|  0%| F|  |TAMS 0x0000000782300000, 0x0000000782300000| Untracked 
|  36|0x0000000782400000, 0x0000000782400000, 0x0000000782500000|  0%| F|  |TAMS 0x0000000782400000, 0x0000000782400000| Untracked 
|  37|0x0000000782500000, 0x0000000782500000, 0x0000000782600000|  0%| F|  |TAMS 0x0000000782500000, 0x0000000782500000| Untracked 
|  38|0x0000000782600000, 0x0000000782600000, 0x0000000782700000|  0%| F|  |TAMS 0x0000000782600000, 0x0000000782600000| Untracked 
|  39|0x0000000782700000, 0x0000000782700000, 0x0000000782800000|  0%| F|  |TAMS 0x0000000782700000, 0x0000000782700000| Untracked 
|  40|0x0000000782800000, 0x0000000782800000, 0x0000000782900000|  0%| F|  |TAMS 0x0000000782800000, 0x0000000782800000| Untracked 
|  41|0x0000000782900000, 0x0000000782900000, 0x0000000782a00000|  0%| F|  |TAMS 0x0000000782900000, 0x0000000782900000| Untracked 
|  42|0x0000000782a00000, 0x0000000782a00000, 0x0000000782b00000|  0%| F|  |TAMS 0x0000000782a00000, 0x0000000782a00000| Untracked 
|  43|0x0000000782b00000, 0x0000000782b00000, 0x0000000782c00000|  0%| F|  |TAMS 0x0000000782b00000, 0x0000000782b00000| Untracked 
|  44|0x0000000782c00000, 0x0000000782c00000, 0x0000000782d00000|  0%| F|  |TAMS 0x0000000782c00000, 0x0000000782c00000| Untracked 
|  45|0x0000000782d00000, 0x0000000782d00000, 0x0000000782e00000|  0%| F|  |TAMS 0x0000000782d00000, 0x0000000782d00000| Untracked 
|  46|0x0000000782e00000, 0x0000000782e00000, 0x0000000782f00000|  0%| F|  |TAMS 0x0000000782e00000, 0x0000000782e00000| Untracked 
|  47|0x0000000782f00000, 0x0000000782f00000, 0x0000000783000000|  0%| F|  |TAMS 0x0000000782f00000, 0x0000000782f00000| Untracked 
|  48|0x0000000783000000, 0x0000000783000000, 0x0000000783100000|  0%| F|  |TAMS 0x0000000783000000, 0x0000000783000000| Untracked 
|  49|0x0000000783100000, 0x0000000783100000, 0x0000000783200000|  0%| F|  |TAMS 0x0000000783100000, 0x0000000783100000| Untracked 
|  50|0x0000000783200000, 0x0000000783200000, 0x0000000783300000|  0%| F|  |TAMS 0x0000000783200000, 0x0000000783200000| Untracked 
|  51|0x0000000783300000, 0x0000000783300000, 0x0000000783400000|  0%| F|  |TAMS 0x0000000783300000, 0x0000000783300000| Untracked 
|  52|0x0000000783400000, 0x0000000783400000, 0x0000000783500000|  0%| F|  |TAMS 0x0000000783400000, 0x0000000783400000| Untracked 
|  53|0x0000000783500000, 0x0000000783500000, 0x0000000783600000|  0%| F|  |TAMS 0x0000000783500000, 0x0000000783500000| Untracked 
|  54|0x0000000783600000, 0x0000000783600000, 0x0000000783700000|  0%| F|  |TAMS 0x0000000783600000, 0x0000000783600000| Untracked 
|  55|0x0000000783700000, 0x0000000783700000, 0x0000000783800000|  0%| F|  |TAMS 0x0000000783700000, 0x0000000783700000| Untracked 
|  56|0x0000000783800000, 0x0000000783800000, 0x0000000783900000|  0%| F|  |TAMS 0x0000000783800000, 0x0000000783800000| Untracked 
|  57|0x0000000783900000, 0x0000000783900000, 0x0000000783a00000|  0%| F|  |TAMS 0x0000000783900000, 0x0000000783900000| Untracked 
|  58|0x0000000783a00000, 0x0000000783a00000, 0x0000000783b00000|  0%| F|  |TAMS 0x0000000783a00000, 0x0000000783a00000| Untracked 
|  59|0x0000000783b00000, 0x0000000783b00000, 0x0000000783c00000|  0%| F|  |TAMS 0x0000000783b00000, 0x0000000783b00000| Untracked 
|  60|0x0000000783c00000, 0x0000000783c00000, 0x0000000783d00000|  0%| F|  |TAMS 0x0000000783c00000, 0x0000000783c00000| Untracked 
|  61|0x0000000783d00000, 0x0000000783d00000, 0x0000000783e00000|  0%| F|  |TAMS 0x0000000783d00000, 0x0000000783d00000| Untracked 
|  62|0x0000000783e00000, 0x0000000783e00000, 0x0000000783f00000|  0%| F|  |TAMS 0x0000000783e00000, 0x0000000783e00000| Untracked 
|  63|0x0000000783f00000, 0x0000000783f00000, 0x0000000784000000|  0%| F|  |TAMS 0x0000000783f00000, 0x0000000783f00000| Untracked 
|  64|0x0000000784000000, 0x0000000784000000, 0x0000000784100000|  0%| F|  |TAMS 0x0000000784000000, 0x0000000784000000| Untracked 
|  65|0x0000000784100000, 0x0000000784100000, 0x0000000784200000|  0%| F|  |TAMS 0x0000000784100000, 0x0000000784100000| Untracked 
|  66|0x0000000784200000, 0x0000000784200000, 0x0000000784300000|  0%| F|  |TAMS 0x0000000784200000, 0x0000000784200000| Untracked 
|  67|0x0000000784300000, 0x0000000784300000, 0x0000000784400000|  0%| F|  |TAMS 0x0000000784300000, 0x0000000784300000| Untracked 
|  68|0x0000000784400000, 0x0000000784400000, 0x0000000784500000|  0%| F|  |TAMS 0x0000000784400000, 0x0000000784400000| Untracked 
|  69|0x0000000784500000, 0x0000000784500000, 0x0000000784600000|  0%| F|  |TAMS 0x0000000784500000, 0x0000000784500000| Untracked 
|  70|0x0000000784600000, 0x0000000784600000, 0x0000000784700000|  0%| F|  |TAMS 0x0000000784600000, 0x0000000784600000| Untracked 
|  71|0x0000000784700000, 0x0000000784700000, 0x0000000784800000|  0%| F|  |TAMS 0x0000000784700000, 0x0000000784700000| Untracked 
|  72|0x0000000784800000, 0x0000000784800000, 0x0000000784900000|  0%| F|  |TAMS 0x0000000784800000, 0x0000000784800000| Untracked 
|  73|0x0000000784900000, 0x0000000784900000, 0x0000000784a00000|  0%| F|  |TAMS 0x0000000784900000, 0x0000000784900000| Untracked 
|  74|0x0000000784a00000, 0x0000000784a00000, 0x0000000784b00000|  0%| F|  |TAMS 0x0000000784a00000, 0x0000000784a00000| Untracked 
|  75|0x0000000784b00000, 0x0000000784b00000, 0x0000000784c00000|  0%| F|  |TAMS 0x0000000784b00000, 0x0000000784b00000| Untracked 
|  76|0x0000000784c00000, 0x0000000784c00000, 0x0000000784d00000|  0%| F|  |TAMS 0x0000000784c00000, 0x0000000784c00000| Untracked 
|  77|0x0000000784d00000, 0x0000000784d00000, 0x0000000784e00000|  0%| F|  |TAMS 0x0000000784d00000, 0x0000000784d00000| Untracked 
|  78|0x0000000784e00000, 0x0000000784e00000, 0x0000000784f00000|  0%| F|  |TAMS 0x0000000784e00000, 0x0000000784e00000| Untracked 
|  79|0x0000000784f00000, 0x0000000784f00000, 0x0000000785000000|  0%| F|  |TAMS 0x0000000784f00000, 0x0000000784f00000| Untracked 
|  80|0x0000000785000000, 0x0000000785000000, 0x0000000785100000|  0%| F|  |TAMS 0x0000000785000000, 0x0000000785000000| Untracked 
|  81|0x0000000785100000, 0x0000000785100000, 0x0000000785200000|  0%| F|  |TAMS 0x0000000785100000, 0x0000000785100000| Untracked 
|  82|0x0000000785200000, 0x0000000785200000, 0x0000000785300000|  0%| F|  |TAMS 0x0000000785200000, 0x0000000785200000| Untracked 
|  83|0x0000000785300000, 0x0000000785300000, 0x0000000785400000|  0%| F|  |TAMS 0x0000000785300000, 0x0000000785300000| Untracked 
|  84|0x0000000785400000, 0x0000000785400000, 0x0000000785500000|  0%| F|  |TAMS 0x0000000785400000, 0x0000000785400000| Untracked 
|  85|0x0000000785500000, 0x0000000785500000, 0x0000000785600000|  0%| F|  |TAMS 0x0000000785500000, 0x0000000785500000| Untracked 
|  86|0x0000000785600000, 0x0000000785600000, 0x0000000785700000|  0%| F|  |TAMS 0x0000000785600000, 0x0000000785600000| Untracked 
|  87|0x0000000785700000, 0x0000000785700000, 0x0000000785800000|  0%| F|  |TAMS 0x0000000785700000, 0x0000000785700000| Untracked 
|  88|0x0000000785800000, 0x0000000785800000, 0x0000000785900000|  0%| F|  |TAMS 0x0000000785800000, 0x0000000785800000| Untracked 
|  89|0x0000000785900000, 0x0000000785900000, 0x0000000785a00000|  0%| F|  |TAMS 0x0000000785900000, 0x0000000785900000| Untracked 
|  90|0x0000000785a00000, 0x0000000785a00000, 0x0000000785b00000|  0%| F|  |TAMS 0x0000000785a00000, 0x0000000785a00000| Untracked 
|  91|0x0000000785b00000, 0x0000000785b00000, 0x0000000785c00000|  0%| F|  |TAMS 0x0000000785b00000, 0x0000000785b00000| Untracked 
|  92|0x0000000785c00000, 0x0000000785c00000, 0x0000000785d00000|  0%| F|  |TAMS 0x0000000785c00000, 0x0000000785c00000| Untracked 
|  93|0x0000000785d00000, 0x0000000785d00000, 0x0000000785e00000|  0%| F|  |TAMS 0x0000000785d00000, 0x0000000785d00000| Untracked 
|  94|0x0000000785e00000, 0x0000000785e00000, 0x0000000785f00000|  0%| F|  |TAMS 0x0000000785e00000, 0x0000000785e00000| Untracked 
|  95|0x0000000785f00000, 0x0000000785f00000, 0x0000000786000000|  0%| F|  |TAMS 0x0000000785f00000, 0x0000000785f00000| Untracked 
|  96|0x0000000786000000, 0x0000000786000000, 0x0000000786100000|  0%| F|  |TAMS 0x0000000786000000, 0x0000000786000000| Untracked 
|  97|0x0000000786100000, 0x0000000786100000, 0x0000000786200000|  0%| F|  |TAMS 0x0000000786100000, 0x0000000786100000| Untracked 
|  98|0x0000000786200000, 0x0000000786200000, 0x0000000786300000|  0%| F|  |TAMS 0x0000000786200000, 0x0000000786200000| Untracked 
|  99|0x0000000786300000, 0x0000000786300000, 0x0000000786400000|  0%| F|  |TAMS 0x0000000786300000, 0x0000000786300000| Untracked 
| 100|0x0000000786400000, 0x0000000786400000, 0x0000000786500000|  0%| F|  |TAMS 0x0000000786400000, 0x0000000786400000| Untracked 
| 101|0x0000000786500000, 0x0000000786500000, 0x0000000786600000|  0%| F|  |TAMS 0x0000000786500000, 0x0000000786500000| Untracked 
| 102|0x0000000786600000, 0x0000000786600000, 0x0000000786700000|  0%| F|  |TAMS 0x0000000786600000, 0x0000000786600000| Untracked 
| 103|0x0000000786700000, 0x0000000786700000, 0x0000000786800000|  0%| F|  |TAMS 0x0000000786700000, 0x0000000786700000| Untracked 
| 104|0x0000000786800000, 0x0000000786800000, 0x0000000786900000|  0%| F|  |TAMS 0x0000000786800000, 0x0000000786800000| Untracked 
| 105|0x0000000786900000, 0x0000000786900000, 0x0000000786a00000|  0%| F|  |TAMS 0x0000000786900000, 0x0000000786900000| Untracked 
| 106|0x0000000786a00000, 0x0000000786a00000, 0x0000000786b00000|  0%| F|  |TAMS 0x0000000786a00000, 0x0000000786a00000| Untracked 
| 107|0x0000000786b00000, 0x0000000786b00000, 0x0000000786c00000|  0%| F|  |TAMS 0x0000000786b00000, 0x0000000786b00000| Untracked 
| 108|0x0000000786c00000, 0x0000000786c00000, 0x0000000786d00000|  0%| F|  |TAMS 0x0000000786c00000, 0x0000000786c00000| Untracked 
| 109|0x0000000786d00000, 0x0000000786d00000, 0x0000000786e00000|  0%| F|  |TAMS 0x0000000786d00000, 0x0000000786d00000| Untracked 
| 110|0x0000000786e00000, 0x0000000786e00000, 0x0000000786f00000|  0%| F|  |TAMS 0x0000000786e00000, 0x0000000786e00000| Untracked 
| 111|0x0000000786f00000, 0x0000000786f00000, 0x0000000787000000|  0%| F|  |TAMS 0x0000000786f00000, 0x0000000786f00000| Untracked 
| 112|0x0000000787000000, 0x0000000787000000, 0x0000000787100000|  0%| F|  |TAMS 0x0000000787000000, 0x0000000787000000| Untracked 
| 113|0x0000000787100000, 0x0000000787100000, 0x0000000787200000|  0%| F|  |TAMS 0x0000000787100000, 0x0000000787100000| Untracked 
| 114|0x0000000787200000, 0x00000007872dd380, 0x0000000787300000| 86%| E|  |TAMS 0x0000000787200000, 0x0000000787200000| Complete 
| 115|0x0000000787300000, 0x0000000787400000, 0x0000000787400000|100%| E|  |TAMS 0x0000000787300000, 0x0000000787300000| Complete 
| 116|0x0000000787400000, 0x0000000787500000, 0x0000000787500000|100%| E|CS|TAMS 0x0000000787400000, 0x0000000787400000| Complete 
| 117|0x0000000787500000, 0x0000000787600000, 0x0000000787600000|100%| E|CS|TAMS 0x0000000787500000, 0x0000000787500000| Complete 
| 118|0x0000000787600000, 0x0000000787700000, 0x0000000787700000|100%| E|CS|TAMS 0x0000000787600000, 0x0000000787600000| Complete 
| 119|0x0000000787700000, 0x0000000787800000, 0x0000000787800000|100%| E|CS|TAMS 0x0000000787700000, 0x0000000787700000| Complete 
| 120|0x0000000787800000, 0x0000000787900000, 0x0000000787900000|100%| E|CS|TAMS 0x0000000787800000, 0x0000000787800000| Complete 
| 121|0x0000000787900000, 0x0000000787a00000, 0x0000000787a00000|100%| E|CS|TAMS 0x0000000787900000, 0x0000000787900000| Complete 
| 122|0x0000000787a00000, 0x0000000787b00000, 0x0000000787b00000|100%| E|CS|TAMS 0x0000000787a00000, 0x0000000787a00000| Complete 
| 123|0x0000000787b00000, 0x0000000787c00000, 0x0000000787c00000|100%| E|CS|TAMS 0x0000000787b00000, 0x0000000787b00000| Complete 
| 124|0x0000000787c00000, 0x0000000787d00000, 0x0000000787d00000|100%| E|CS|TAMS 0x0000000787c00000, 0x0000000787c00000| Complete 
| 125|0x0000000787d00000, 0x0000000787e00000, 0x0000000787e00000|100%| E|CS|TAMS 0x0000000787d00000, 0x0000000787d00000| Complete 
| 126|0x0000000787e00000, 0x0000000787f00000, 0x0000000787f00000|100%| E|CS|TAMS 0x0000000787e00000, 0x0000000787e00000| Complete 
| 127|0x0000000787f00000, 0x0000000788000000, 0x0000000788000000|100%| E|CS|TAMS 0x0000000787f00000, 0x0000000787f00000| Complete 

Card table byte_map: [0x000000010e6f2000,0x000000010eaf2000] _byte_map_base: 0x000000010aaf2000

Marking Bits (Prev, Next): (CMBitMap*) 0x00007f814581ec18, (CMBitMap*) 0x00007f814581ec50
 Prev Bits: [0x000000010eef2000, 0x0000000110ef2000)
 Next Bits: [0x0000000121e6b000, 0x0000000123e6b000)

Polling page: 0x000000010506b000

Metaspace:

Usage:
  Non-class:     10.76 MB capacity,    10.57 MB ( 98%) used,   178.27 KB (  2%) free+waste,    18.44 KB ( <1%) overhead. 
      Class:   1023.00 KB capacity,   949.00 KB ( 93%) used,    65.62 KB (  6%) free+waste,     8.38 KB ( <1%) overhead. 
       Both:     11.76 MB capacity,    11.50 MB ( 98%) used,   243.90 KB (  2%) free+waste,    26.81 KB ( <1%) overhead. 

Virtual space:
  Non-class space:       12.00 MB reserved,      11.00 MB ( 92%) committed 
      Class space:        1.00 GB reserved,       1.00 MB ( <1%) committed 
             Both:        1.01 GB reserved,      12.00 MB (  1%) committed 

Chunk freelists:
   Non-Class:  19.62 KB
       Class:  128 bytes
        Both:  19.75 KB

CodeHeap 'non-profiled nmethods': size=120032Kb used=231Kb max_used=231Kb free=119800Kb
 bounds [0x000000011a933000, 0x000000011aba3000, 0x0000000121e6b000]
CodeHeap 'profiled nmethods': size=120032Kb used=1406Kb max_used=1406Kb free=118626Kb
 bounds [0x00000001133fb000, 0x000000011366b000, 0x000000011a933000]
CodeHeap 'non-nmethods': size=5696Kb used=1414Kb max_used=1427Kb free=4281Kb
 bounds [0x0000000112e6b000, 0x00000001130db000, 0x00000001133fb000]
 total_blobs=1877 nmethods=815 adapters=824
 compilation: enabled
              stopped_count=0, restarted_count=0
 full_count=0

Compilation events (10 events):
Event: 1.080 Thread 0x00007f814681a800 nmethod 793 0x000000011354e210 code [0x000000011354e4e0, 0x000000011354f258]
Event: 1.090 Thread 0x00007f814702b800 nmethod 762 0x000000011a968490 code [0x000000011a968660, 0x000000011a9696d8]
Event: 1.091 Thread 0x00007f814702b800  790 %     4       de.matthiasmann.twl.utils.PNGDecoder::unfilterUp @ 12 (38 bytes)
Event: 1.119 Thread 0x00007f814702b800 nmethod 790% 0x000000011a969d90 code [0x000000011a969f40, 0x000000011a96a398]
Event: 1.119 Thread 0x00007f814702b800  780       4       sun.misc.Unsafe::putByte (9 bytes)
Event: 1.119 Thread 0x00007f814702b800 nmethod 780 0x000000011a96a510 code [0x000000011a96a6a0, 0x000000011a96a718]
Event: 1.119 Thread 0x00007f814702b800  794       4       java.lang.String::<init> (15 bytes)
Event: 1.120 Thread 0x00007f814681a800  797       3       java.io.BufferedInputStream::getBufIfOpen (21 bytes)
Event: 1.120 Thread 0x00007f814681a800 nmethod 797 0x000000011354f810 code [0x000000011354f9e0, 0x000000011354fc48]
Event: 1.120 Thread 0x00007f814681a800  798       3       java.io.DataInputStream::readUTF (501 bytes)

GC Heap History (0 events):
No events

Deoptimization events (1 events):
Event: 0.368 Thread 0x00007f814600a000 Uncommon trap: reason=unstable_if action=reinterpret pc=0x000000011a937b94 method=java.lang.String.isLatin1()Z @ 10 c2

Classes redefined (0 events):
No events

Internal exceptions (10 events):
Event: 0.315 Thread 0x00007f814600a000 Exception <a 'java/lang/NoSuchMethodError'{0x0000000787b68c88}: java.lang.invoke.DirectMethodHandle$Holder.invokeStaticInit(Ljava/lang/Object;Ljava/lang/Object;Ljava/lang/Object;)Ljava/lang/Object;> (0x0000000787b68c88) thrown at [/scratch/mesos/slaves/07
Event: 0.347 Thread 0x00007f814600a000 Exception <a 'sun/nio/fs/UnixException'{0x0000000787b9cc68}> (0x0000000787b9cc68) thrown at [/scratch/mesos/slaves/07fc96ef-bf4d-487f-b22f-a84e49f5f44a-S27799/frameworks/1735e8a2-a1db-478c-8104-60c8b0af87dd-0196/executors/23259148-f5c6-492a-83be-44c13ecc6
Event: 0.404 Thread 0x00007f814600a000 Exception <a 'sun/nio/fs/UnixException'{0x0000000787aa0e68}> (0x0000000787aa0e68) thrown at [/scratch/mesos/slaves/07fc96ef-bf4d-487f-b22f-a84e49f5f44a-S27799/frameworks/1735e8a2-a1db-478c-8104-60c8b0af87dd-0196/executors/23259148-f5c6-492a-83be-44c13ecc6
Event: 0.533 Thread 0x00007f814600a000 Exception <a 'sun/nio/fs/UnixException'{0x00000007879291c0}> (0x00000007879291c0) thrown at [/scratch/mesos/slaves/07fc96ef-bf4d-487f-b22f-a84e49f5f44a-S27799/frameworks/1735e8a2-a1db-478c-8104-60c8b0af87dd-0196/executors/23259148-f5c6-492a-83be-44c13ecc6
Event: 0.646 Thread 0x00007f814600a000 Exception <a 'sun/nio/fs/UnixException'{0x000000078799c3a8}> (0x000000078799c3a8) thrown at [/scratch/mesos/slaves/07fc96ef-bf4d-487f-b22f-a84e49f5f44a-S27799/frameworks/1735e8a2-a1db-478c-8104-60c8b0af87dd-0196/executors/23259148-f5c6-492a-83be-44c13ecc6
Event: 0.794 Thread 0x00007f814600a000 Exception <a 'java/lang/NoSuchMethodError'{0x00000007878f9318}: java.lang.invoke.DirectMethodHandle$Holder.invokeSpecialIFC(Ljava/lang/Object;Ljava/lang/Object;I)I> (0x00000007878f9318) thrown at [/scratch/mesos/slaves/07fc96ef-bf4d-487f-b22f-a84e49f5f44a
Event: 1.028 Thread 0x00007f814600a000 Exception <a 'java/lang/NoSuchMethodError'{0x0000000787315558}: java.lang.invoke.DirectMethodHandle$Holder.invokeStatic(Ljava/lang/Object;Ljava/lang/Object;Ljava/lang/Object;Ljava/lang/Object;Ljava/lang/Object;Ljava/lang/Object;Ljava/lang/Object;Ljava/lan
Event: 1.030 Thread 0x00007f814600a000 Exception <a 'java/lang/NoSuchMethodError'{0x0000000787333a28}: java.lang.invoke.DirectMethodHandle$Holder.invokeStatic(Ljava/lang/Object;Ljava/lang/Object;Ljava/lang/Object;Ljava/lang/Object;Ljava/lang/Object;Ljava/lang/Object;Ljava/lang/Object;Ljava/lan
Event: 1.036 Thread 0x00007f814600a000 Exception <a 'java/lang/NoSuchMethodError'{0x0000000787352d20}: java.lang.invoke.DirectMethodHandle$Holder.invokeStatic(Ljava/lang/Object;Ljava/lang/Object;Ljava/lang/Object;Ljava/lang/Object;Ljava/lang/Object;Ljava/lang/Object;Ljava/lang/Object;Ljava/lan
Event: 1.039 Thread 0x00007f814600a000 Exception <a 'java/lang/NoSuchMethodError'{0x0000000787373508}: java.lang.invoke.DirectMethodHandle$Holder.invokeStatic(Ljava/lang/Object;Ljava/lang/Object;Ljava/lang/Object;Ljava/lang/Object;Ljava/lang/Object;Ljava/lang/Object;Ljava/lang/Object;Ljava/lan

Events (10 events):
Event: 1.118 loading class java/util/TimeZone
Event: 1.118 loading class java/util/TimeZone done
Event: 1.118 loading class sun/util/calendar/ZoneInfo
Event: 1.118 loading class sun/util/calendar/ZoneInfo done
Event: 1.119 loading class sun/util/calendar/ZoneInfoFile
Event: 1.119 loading class sun/util/calendar/ZoneInfoFile done
Event: 1.119 loading class sun/util/calendar/ZoneInfoFile$1
Event: 1.119 loading class sun/util/calendar/ZoneInfoFile$1 done
Event: 1.119 loading class java/io/DataInputStream
Event: 1.119 loading class java/io/DataInputStream done


Dynamic libraries:
0x00007fff469a9000 	/System/Library/Frameworks/Cocoa.framework/Versions/A/Cocoa
0x00007fff52757000 	/System/Library/Frameworks/Security.framework/Versions/A/Security
0x00007fff4563b000 	/System/Library/Frameworks/ApplicationServices.framework/Versions/A/ApplicationServices
0x00007fff7284c000 	/usr/lib/libz.1.dylib
0x00007fff701a3000 	/usr/lib/libSystem.B.dylib
0x00007fff4721e000 	/System/Library/Frameworks/CoreFoundation.framework/Versions/A/CoreFoundation
0x00007fff494a2000 	/System/Library/Frameworks/Foundation.framework/Versions/C/Foundation
0x00007fff719dc000 	/usr/lib/libobjc.A.dylib
0x00007fff44834000 	/System/Library/Frameworks/AppKit.framework/Versions/C/AppKit
0x00007fff46da7000 	/System/Library/Frameworks/CoreData.framework/Versions/A/CoreData
0x00007fff69c68000 	/System/Library/PrivateFrameworks/RemoteViewServices.framework/Versions/A/RemoteViewServices
0x00007fff6dedf000 	/System/Library/PrivateFrameworks/UIFoundation.framework/Versions/A/UIFoundation
0x00007fff6f5c4000 	/System/Library/PrivateFrameworks/XCTTargetBootstrap.framework/Versions/A/XCTTargetBootstrap
0x00007fff4712d000 	/System/Library/Frameworks/CoreDisplay.framework/Versions/A/CoreDisplay
0x00007fff6499e000 	/System/Library/PrivateFrameworks/IconServices.framework/Versions/A/IconServices
0x00007fff4bdc4000 	/System/Library/Frameworks/Metal.framework/Versions/A/Metal
0x00007fff5bee2000 	/System/Library/PrivateFrameworks/DesktopServicesPriv.framework/Versions/A/DesktopServicesPriv
0x00007fff70d3f000 	/usr/lib/libenergytrace.dylib
0x00007fff6c3c6000 	/System/Library/PrivateFrameworks/SkyLight.framework/Versions/A/SkyLight
0x00007fff47665000 	/System/Library/Frameworks/CoreGraphics.framework/Versions/A/CoreGraphics
0x00007fff43600000 	/System/Library/Frameworks/Accelerate.framework/Versions/A/Accelerate
0x00007fff49beb000 	/System/Library/Frameworks/IOSurface.framework/Versions/A/IOSurface
0x00007fff5bd4e000 	/System/Library/PrivateFrameworks/DFRFoundation.framework/Versions/A/DFRFoundation
0x00007fff45b1e000 	/System/Library/Frameworks/AudioToolbox.framework/Versions/A/AudioToolbox
0x00007fff45d97000 	/System/Library/Frameworks/AudioUnit.framework/Versions/A/AudioUnit
0x00007fff5bde3000 	/System/Library/PrivateFrameworks/DataDetectorsCore.framework/Versions/A/DataDetectorsCore
0x00007fff464ac000 	/System/Library/Frameworks/Carbon.framework/Versions/A/Frameworks/HIToolbox.framework/Versions/A/HIToolbox
0x00007fff70e98000 	/usr/lib/libicucore.A.dylib
0x00007fff51cca000 	/System/Library/Frameworks/QuartzCore.framework/Versions/A/QuartzCore
0x00007fff46881000 	/System/Library/Frameworks/Carbon.framework/Versions/A/Frameworks/SpeechRecognition.framework/Versions/A/SpeechRecognition
0x00007fff702f7000 	/usr/lib/libauto.dylib
0x00007fff7273f000 	/usr/lib/libxml2.2.dylib
0x00007fff5b929000 	/System/Library/PrivateFrameworks/CoreUI.framework/Versions/A/CoreUI
0x00007fff46c92000 	/System/Library/Frameworks/CoreAudio.framework/Versions/A/CoreAudio
0x00007fff492d7000 	/System/Library/Frameworks/DiskArbitration.framework/Versions/A/DiskArbitration
0x00007fff71146000 	/usr/lib/liblangid.dylib
0x00007fff65da9000 	/System/Library/PrivateFrameworks/MultitouchSupport.framework/Versions/A/MultitouchSupport
0x00007fff49b5a000 	/System/Library/Frameworks/IOKit.framework/Versions/A/IOKit
0x00007fff6fd63000 	/usr/lib/libDiagnosticMessagesClient.dylib
0x00007fff48475000 	/System/Library/Frameworks/CoreServices.framework/Versions/A/CoreServices
0x00007fff67a63000 	/System/Library/PrivateFrameworks/PerformanceAnalysis.framework/Versions/A/PerformanceAnalysis
0x00007fff50eb1000 	/System/Library/Frameworks/OpenGL.framework/Versions/A/OpenGL
0x00007fff469b7000 	/System/Library/Frameworks/ColorSync.framework/Versions/A/ColorSync
0x00007fff47cf7000 	/System/Library/Frameworks/CoreImage.framework/Versions/A/CoreImage
0x00007fff48e4d000 	/System/Library/Frameworks/CoreText.framework/Versions/A/CoreText
0x00007fff49c4e000 	/System/Library/Frameworks/ImageIO.framework/Versions/A/ImageIO
0x00007fff57f7b000 	/System/Library/PrivateFrameworks/Backup.framework/Versions/A/Backup
0x00007fff7024a000 	/usr/lib/libarchive.2.dylib
0x00007fff460f0000 	/System/Library/Frameworks/CFNetwork.framework/Versions/A/CFNetwork
0x00007fff52eb3000 	/System/Library/Frameworks/SystemConfiguration.framework/Versions/A/SystemConfiguration
0x00007fff6fc94000 	/usr/lib/libCRFSuite.dylib
0x00007fff703e8000 	/usr/lib/libc++.1.dylib
0x00007fff7043c000 	/usr/lib/libc++abi.dylib
0x00007fff73042000 	/usr/lib/system/libcache.dylib
0x00007fff73047000 	/usr/lib/system/libcommonCrypto.dylib
0x00007fff73052000 	/usr/lib/system/libcompiler_rt.dylib
0x00007fff7305a000 	/usr/lib/system/libcopyfile.dylib
0x00007fff73064000 	/usr/lib/system/libcorecrypto.dylib
0x00007fff7316f000 	/usr/lib/system/libdispatch.dylib
0x00007fff731a9000 	/usr/lib/system/libdyld.dylib
0x00007fff731d6000 	/usr/lib/system/libkeymgr.dylib
0x00007fff731e4000 	/usr/lib/system/liblaunch.dylib
0x00007fff731e5000 	/usr/lib/system/libmacho.dylib
0x00007fff731eb000 	/usr/lib/system/libquarantine.dylib
0x00007fff731ee000 	/usr/lib/system/libremovefile.dylib
0x00007fff731f0000 	/usr/lib/system/libsystem_asl.dylib
0x00007fff73208000 	/usr/lib/system/libsystem_blocks.dylib
0x00007fff73209000 	/usr/lib/system/libsystem_c.dylib
0x00007fff73291000 	/usr/lib/system/libsystem_configuration.dylib
0x00007fff73295000 	/usr/lib/system/libsystem_coreservices.dylib
0x00007fff73299000 	/usr/lib/system/libsystem_darwin.dylib
0x00007fff732a0000 	/usr/lib/system/libsystem_dnssd.dylib
0x00007fff732a7000 	/usr/lib/system/libsystem_info.dylib
0x00007fff7331c000 	/usr/lib/system/libsystem_m.dylib
0x00007fff73368000 	/usr/lib/system/libsystem_malloc.dylib
0x00007fff73393000 	/usr/lib/system/libsystem_networkextension.dylib
0x00007fff7339e000 	/usr/lib/system/libsystem_notify.dylib
0x00007fff733bb000 	/usr/lib/system/libsystem_sandbox.dylib
0x00007fff733bf000 	/usr/lib/system/libsystem_secinit.dylib
0x00007fff732f3000 	/usr/lib/system/libsystem_kernel.dylib
0x00007fff733a6000 	/usr/lib/system/libsystem_platform.dylib
0x00007fff733b0000 	/usr/lib/system/libsystem_pthread.dylib
0x00007fff733c2000 	/usr/lib/system/libsystem_symptoms.dylib
0x00007fff733ca000 	/usr/lib/system/libsystem_trace.dylib
0x00007fff733e1000 	/usr/lib/system/libunwind.dylib
0x00007fff733e7000 	/usr/lib/system/libxpc.dylib
0x00007fff703c9000 	/usr/lib/libbsm.0.dylib
0x00007fff731d7000 	/usr/lib/system/libkxld.dylib
0x00007fff5736c000 	/System/Library/PrivateFrameworks/AppleFSCompression.framework/Versions/A/AppleFSCompression
0x00007fff70063000 	/usr/lib/libOpenScriptingUtil.dylib
0x00007fff706f1000 	/usr/lib/libcoretls.dylib
0x00007fff70708000 	/usr/lib/libcoretls_cfhelpers.dylib
0x00007fff72173000 	/usr/lib/libpam.2.dylib
0x00007fff72333000 	/usr/lib/libsqlite3.dylib
0x00007fff7272d000 	/usr/lib/libxar.1.dylib
0x00007fff703da000 	/usr/lib/libbz2.1.0.dylib
0x00007fff71148000 	/usr/lib/liblzma.5.dylib
0x00007fff715f9000 	/usr/lib/libnetwork.dylib
0x00007fff70233000 	/usr/lib/libapple_nghttp2.dylib
0x00007fff7217a000 	/usr/lib/libpcap.A.dylib
0x00007fff48814000 	/System/Library/Frameworks/CoreServices.framework/Versions/A/Frameworks/FSEvents.framework/Versions/A/FSEvents
0x00007fff484f3000 	/System/Library/Frameworks/CoreServices.framework/Versions/A/Frameworks/CarbonCore.framework/Versions/A/CarbonCore
0x00007fff489cf000 	/System/Library/Frameworks/CoreServices.framework/Versions/A/Frameworks/Metadata.framework/Versions/A/Metadata
0x00007fff48a6e000 	/System/Library/Frameworks/CoreServices.framework/Versions/A/Frameworks/OSServices.framework/Versions/A/OSServices
0x00007fff48ab9000 	/System/Library/Frameworks/CoreServices.framework/Versions/A/Frameworks/SearchKit.framework/Versions/A/SearchKit
0x00007fff48476000 	/System/Library/Frameworks/CoreServices.framework/Versions/A/Frameworks/AE.framework/Versions/A/AE
0x00007fff4881d000 	/System/Library/Frameworks/CoreServices.framework/Versions/A/Frameworks/LaunchServices.framework/Versions/A/LaunchServices
0x00007fff487cb000 	/System/Library/Frameworks/CoreServices.framework/Versions/A/Frameworks/DictionaryServices.framework/Versions/A/DictionaryServices
0x00007fff48b21000 	/System/Library/Frameworks/CoreServices.framework/Versions/A/Frameworks/SharedFileList.framework/Versions/A/SharedFileList
0x00007fff4ce8c000 	/System/Library/Frameworks/NetFS.framework/Versions/A/NetFS
0x00007fff6600f000 	/System/Library/PrivateFrameworks/NetAuth.framework/Versions/A/NetAuth
0x00007fff6f9c8000 	/System/Library/PrivateFrameworks/login.framework/Versions/A/Frameworks/loginsupport.framework/Versions/A/loginsupport
0x00007fff6dae8000 	/System/Library/PrivateFrameworks/TCC.framework/Versions/A/TCC
0x00007fff5af86000 	/System/Library/PrivateFrameworks/CoreNLP.framework/Versions/A/CoreNLP
0x00007fff65aa4000 	/System/Library/PrivateFrameworks/MetadataUtilities.framework/Versions/A/MetadataUtilities
0x00007fff7121d000 	/usr/lib/libmecabra.dylib
0x00007fff4563c000 	/System/Library/Frameworks/ApplicationServices.framework/Versions/A/Frameworks/ATS.framework/Versions/A/ATS
0x00007fff4598b000 	/System/Library/Frameworks/ApplicationServices.framework/Versions/A/Frameworks/ColorSyncLegacy.framework/Versions/A/ColorSyncLegacy
0x00007fff45a2a000 	/System/Library/Frameworks/ApplicationServices.framework/Versions/A/Frameworks/HIServices.framework/Versions/A/HIServices
0x00007fff45a7d000 	/System/Library/Frameworks/ApplicationServices.framework/Versions/A/Frameworks/LangAnalysis.framework/Versions/A/LangAnalysis
0x00007fff45a8d000 	/System/Library/Frameworks/ApplicationServices.framework/Versions/A/Frameworks/PrintCore.framework/Versions/A/PrintCore
0x00007fff45ad7000 	/System/Library/Frameworks/ApplicationServices.framework/Versions/A/Frameworks/QD.framework/Versions/A/QD
0x00007fff45b11000 	/System/Library/Frameworks/ApplicationServices.framework/Versions/A/Frameworks/SpeechSynthesis.framework/Versions/A/SpeechSynthesis
0x00007fff70464000 	/usr/lib/libcompression.dylib
0x00007fff4c094000 	/System/Library/Frameworks/MetalPerformanceShaders.framework/Versions/A/MetalPerformanceShaders
0x00007fff43618000 	/System/Library/Frameworks/Accelerate.framework/Versions/A/Frameworks/vImage.framework/Versions/A/vImage
0x00007fff44692000 	/System/Library/Frameworks/Accelerate.framework/Versions/A/Frameworks/vecLib.framework/Versions/A/vecLib
0x00007fff445de000 	/System/Library/Frameworks/Accelerate.framework/Versions/A/Frameworks/vecLib.framework/Versions/A/libvMisc.dylib
0x00007fff443f6000 	/System/Library/Frameworks/Accelerate.framework/Versions/A/Frameworks/vecLib.framework/Versions/A/libvDSP.dylib
0x00007fff43cb2000 	/System/Library/Frameworks/Accelerate.framework/Versions/A/Frameworks/vecLib.framework/Versions/A/libBLAS.dylib
0x00007fff43f9f000 	/System/Library/Frameworks/Accelerate.framework/Versions/A/Frameworks/vecLib.framework/Versions/A/libLAPACK.dylib
0x00007fff44349000 	/System/Library/Frameworks/Accelerate.framework/Versions/A/Frameworks/vecLib.framework/Versions/A/libLinearAlgebra.dylib
0x00007fff443e2000 	/System/Library/Frameworks/Accelerate.framework/Versions/A/Frameworks/vecLib.framework/Versions/A/libSparseBLAS.dylib
0x00007fff4435f000 	/System/Library/Frameworks/Accelerate.framework/Versions/A/Frameworks/vecLib.framework/Versions/A/libQuadrature.dylib
0x00007fff43f2c000 	/System/Library/Frameworks/Accelerate.framework/Versions/A/Frameworks/vecLib.framework/Versions/A/libBNNS.dylib
0x00007fff44365000 	/System/Library/Frameworks/Accelerate.framework/Versions/A/Frameworks/vecLib.framework/Versions/A/libSparse.dylib
0x00007fff622d4000 	/System/Library/PrivateFrameworks/GPUWrangler.framework/Versions/A/GPUWrangler
0x00007fff645d3000 	/System/Library/PrivateFrameworks/IOAccelerator.framework/Versions/A/IOAccelerator
0x00007fff645de000 	/System/Library/PrivateFrameworks/IOPresentment.framework/Versions/A/IOPresentment
0x00007fff5bd5e000 	/System/Library/PrivateFrameworks/DSExternalDisplay.framework/Versions/A/DSExternalDisplay
0x00007fff50308000 	/System/Library/Frameworks/OpenGL.framework/Versions/A/Libraries/libCoreFSCache.dylib
0x00007fff4be88000 	/System/Library/Frameworks/MetalPerformanceShaders.framework/Frameworks/MPSCore.framework/Versions/A/MPSCore
0x00007fff4bea8000 	/System/Library/Frameworks/MetalPerformanceShaders.framework/Frameworks/MPSImage.framework/Versions/A/MPSImage
0x00007fff4bf4d000 	/System/Library/Frameworks/MetalPerformanceShaders.framework/Frameworks/MPSNeuralNetwork.framework/Versions/A/MPSNeuralNetwork
0x00007fff4bf25000 	/System/Library/Frameworks/MetalPerformanceShaders.framework/Frameworks/MPSMatrix.framework/Versions/A/MPSMatrix
0x00007fff4c079000 	/System/Library/Frameworks/MetalPerformanceShaders.framework/Frameworks/MPSRayIntersector.framework/Versions/A/MPSRayIntersector
0x00007fff65acd000 	/System/Library/PrivateFrameworks/MetalTools.framework/Versions/A/MetalTools
0x00007fff56c16000 	/System/Library/PrivateFrameworks/AggregateDictionary.framework/Versions/A/AggregateDictionary
0x00007fff70043000 	/usr/lib/libMobileGestalt.dylib
0x00007fff48fb0000 	/System/Library/Frameworks/CoreVideo.framework/Versions/A/CoreVideo
0x00007fff630e5000 	/System/Library/PrivateFrameworks/GraphVisualizer.framework/Versions/A/GraphVisualizer
0x00007fff5cf64000 	/System/Library/PrivateFrameworks/FaceCore.framework/Versions/A/FaceCore
0x00007fff4f936000 	/System/Library/Frameworks/OpenCL.framework/Versions/A/OpenCL
0x00007fff6fd9b000 	/usr/lib/libFosl_dynamic.dylib
0x00007fff6687a000 	/System/Library/PrivateFrameworks/OTSVG.framework/Versions/A/OTSVG
0x00007fff45740000 	/System/Library/Frameworks/ApplicationServices.framework/Versions/A/Frameworks/ATS.framework/Versions/A/Resources/libFontParser.dylib
0x00007fff45858000 	/System/Library/Frameworks/ApplicationServices.framework/Versions/A/Frameworks/ATS.framework/Versions/A/Resources/libFontRegistry.dylib
0x00007fff49ebd000 	/System/Library/Frameworks/ImageIO.framework/Versions/A/Resources/libJPEG.dylib
0x00007fff4a1cf000 	/System/Library/Frameworks/ImageIO.framework/Versions/A/Resources/libTIFF.dylib
0x00007fff4a1a5000 	/System/Library/Frameworks/ImageIO.framework/Versions/A/Resources/libPng.dylib
0x00007fff49ddb000 	/System/Library/Frameworks/ImageIO.framework/Versions/A/Resources/libGIF.dylib
0x00007fff49de0000 	/System/Library/Frameworks/ImageIO.framework/Versions/A/Resources/libJP2.dylib
0x00007fff4a1cc000 	/System/Library/Frameworks/ImageIO.framework/Versions/A/Resources/libRadiance.dylib
0x00007fff574c3000 	/System/Library/PrivateFrameworks/AppleJPEG.framework/Versions/A/AppleJPEG
0x00007fff50313000 	/System/Library/Frameworks/OpenGL.framework/Versions/A/Libraries/libGFXShared.dylib
0x00007fff504d6000 	/System/Library/Frameworks/OpenGL.framework/Versions/A/Libraries/libGLU.dylib
0x00007fff5031c000 	/System/Library/Frameworks/OpenGL.framework/Versions/A/Libraries/libGL.dylib
0x00007fff50328000 	/System/Library/Frameworks/OpenGL.framework/Versions/A/Libraries/libGLImage.dylib
0x00007fff50305000 	/System/Library/Frameworks/OpenGL.framework/Versions/A/Libraries/libCVMSPluginSupport.dylib
0x00007fff5030e000 	/System/Library/Frameworks/OpenGL.framework/Versions/A/Libraries/libCoreVMClient.dylib
0x00007fff70bb5000 	/usr/lib/libcups.2.dylib
0x00007fff4b38f000 	/System/Library/Frameworks/Kerberos.framework/Versions/A/Kerberos
0x00007fff498be000 	/System/Library/Frameworks/GSS.framework/Versions/A/GSS
0x00007fff722c8000 	/usr/lib/libresolv.9.dylib
0x00007fff70da7000 	/usr/lib/libiconv.2.dylib
0x00007fff6325a000 	/System/Library/PrivateFrameworks/Heimdal.framework/Versions/A/Heimdal
0x00007fff70d77000 	/usr/lib/libheimdal-asn1.dylib
0x00007fff4f9aa000 	/System/Library/Frameworks/OpenDirectory.framework/Versions/A/OpenDirectory
0x00007fff59ce9000 	/System/Library/PrivateFrameworks/CommonAuth.framework/Versions/A/CommonAuth
0x00007fff4f98e000 	/System/Library/Frameworks/OpenDirectory.framework/Versions/A/Frameworks/CFOpenDirectory.framework/Versions/A/CFOpenDirectory
0x00007fff52a58000 	/System/Library/Frameworks/SecurityFoundation.framework/Versions/A/SecurityFoundation
0x00007fff5615c000 	/System/Library/PrivateFrameworks/APFS.framework/Versions/A/APFS
0x00007fff72729000 	/usr/lib/libutil.dylib
0x00007fff70452000 	/usr/lib/libcharset.1.dylib
0x00007fff57760000 	/System/Library/PrivateFrameworks/AppleSauce.framework/Versions/A/AppleSauce
0x00007fff578e1000 	/System/Library/PrivateFrameworks/AssertionServices.framework/Versions/A/AssertionServices
0x00007fff58011000 	/System/Library/PrivateFrameworks/BaseBoard.framework/Versions/A/BaseBoard
0x00007fff71178000 	/usr/lib/libmecab.1.0.0.dylib
0x00007fff70d71000 	/usr/lib/libgermantok.dylib
0x00007fff70220000 	/usr/lib/libThaiTokenizer.dylib
0x00007fff6fccb000 	/usr/lib/libChineseTokenizer.dylib
0x00007fff64c8b000 	/System/Library/PrivateFrameworks/LanguageModeling.framework/Versions/A/LanguageModeling
0x00007fff5a9cb000 	/System/Library/PrivateFrameworks/CoreEmoji.framework/Versions/A/CoreEmoji
0x00007fff64d67000 	/System/Library/PrivateFrameworks/Lexicon.framework/Versions/A/Lexicon
0x00007fff64daa000 	/System/Library/PrivateFrameworks/LinguisticData.framework/Versions/A/LinguisticData
0x00007fff70453000 	/usr/lib/libcmph.dylib
0x00007fff52b16000 	/System/Library/Frameworks/ServiceManagement.framework/Versions/A/ServiceManagement
0x00007fff57f72000 	/System/Library/PrivateFrameworks/BackgroundTaskManagement.framework/Versions/A/BackgroundTaskManagement
0x00007fff72823000 	/usr/lib/libxslt.1.dylib
0x00007fff467ae000 	/System/Library/Frameworks/Carbon.framework/Versions/A/Frameworks/Ink.framework/Versions/A/Ink
0x00007fff6dd5a000 	/System/Library/PrivateFrameworks/TextureIO.framework/Versions/A/TextureIO
0x00007fff70274000 	/usr/lib/libate.dylib
0x00007fff5bcad000 	/System/Library/PrivateFrameworks/CrashReporterSupport.framework/Versions/A/CrashReporterSupport
0x00007fff6b494000 	/System/Library/PrivateFrameworks/Sharing.framework/Versions/A/Sharing
0x00007fff57cc4000 	/System/Library/PrivateFrameworks/AuthKit.framework/Versions/A/AuthKit
0x00007fff57218000 	/System/Library/PrivateFrameworks/Apple80211.framework/Versions/A/Apple80211
0x00007fff5ba55000 	/System/Library/PrivateFrameworks/CoreUtils.framework/Versions/A/CoreUtils
0x00007fff48ff1000 	/System/Library/Frameworks/CoreWLAN.framework/Versions/A/CoreWLAN
0x00007fff499ed000 	/System/Library/Frameworks/IOBluetooth.framework/Versions/A/IOBluetooth
0x00007fff69904000 	/System/Library/PrivateFrameworks/ProtocolBuffer.framework/Versions/A/ProtocolBuffer
0x00007fff65d05000 	/System/Library/PrivateFrameworks/MobileKeyBag.framework/Versions/A/MobileKeyBag
0x00007fff5b299000 	/System/Library/PrivateFrameworks/CorePhoneNumbers.framework/Versions/A/CorePhoneNumbers
0x00007fff57477000 	/System/Library/PrivateFrameworks/AppleIDAuthSupport.framework/Versions/A/AppleIDAuthSupport
0x00007fff64c5e000 	/System/Library/PrivateFrameworks/KeychainCircle.framework/Versions/A/KeychainCircle
0x00007fff69aba000 	/System/Library/PrivateFrameworks/ROCKit.framework/Versions/A/ROCKit
0x00007fff5bc49000 	/System/Library/PrivateFrameworks/CoreWiFi.framework/Versions/A/CoreWiFi
0x00007fff46d7c000 	/System/Library/Frameworks/CoreBluetooth.framework/Versions/A/CoreBluetooth
0x00007fff5bea4000 	/System/Library/PrivateFrameworks/DebugSymbols.framework/Versions/A/DebugSymbols
0x00007fff5b815000 	/System/Library/PrivateFrameworks/CoreSymbolication.framework/Versions/A/CoreSymbolication
0x00007fff6d575000 	/System/Library/PrivateFrameworks/Symbolication.framework/Versions/A/Symbolication
0x00007fff6ce18000 	/System/Library/PrivateFrameworks/SpeechRecognitionCore.framework/Versions/A/SpeechRecognitionCore
0x00007fff3b958000 	/System/Library/CoreServices/Encodings/libTraditionalChineseConverter.dylib
0x00000001042d2000 	/Library/Java/JavaVirtualMachines/jdk-11.0.2.jdk/Contents/Home/lib/server/libjvm.dylib
0x000000010501b000 	/Library/Java/JavaVirtualMachines/jdk-11.0.2.jdk/Contents/Home/lib/libverify.dylib
0x0000000105027000 	/Library/Java/JavaVirtualMachines/jdk-11.0.2.jdk/Contents/Home/lib/libjava.dylib
0x000000010506d000 	/Library/Java/JavaVirtualMachines/jdk-11.0.2.jdk/Contents/Home/lib/libinstrument.dylib
0x0000000105105000 	/Library/Java/JavaVirtualMachines/jdk-11.0.2.jdk/Contents/Home/lib/libzip.dylib
0x000000010510d000 	/Library/Java/JavaVirtualMachines/jdk-11.0.2.jdk/Contents/Home/lib/libjimage.dylib
0x0000000111d1e000 	/Library/Java/JavaVirtualMachines/jdk-11.0.2.jdk/Contents/Home/lib/libnio.dylib
0x0000000111d2c000 	/Library/Java/JavaVirtualMachines/jdk-11.0.2.jdk/Contents/Home/lib/./libnet.dylib
0x0000000111c13000 	/Library/Java/JavaVirtualMachines/jdk-11.0.2.jdk/Contents/Home/lib/libextnet.dylib
0x0000000111c16000 	/private/var/folders/zg/jyq_6t5x04lfvk6mf3zlh7740000gn/T/lwjgljoseph/3.2.3-build-13/liblwjgl.dylib
0x0000000111fc8000 	/var/folders/zg/jyq_6t5x04lfvk6mf3zlh7740000gn/T/lwjgljoseph/3.2.3-build-13/libglfw.dylib
0x00007fff5b41d000 	/System/Library/PrivateFrameworks/CoreServicesInternal.framework/Versions/A/CoreServicesInternal
0x00007fff6ed13000 	/System/Library/PrivateFrameworks/ViewBridge.framework/Versions/A/ViewBridge
0x00007fff43601000 	/System/Library/Frameworks/Accelerate.framework/Versions/A/Frameworks/vImage.framework/Versions/A/Libraries/libCGInterfaces.dylib
0x0000000112c82000 	/usr/lib/libobjc-trampolines.dylib
0x00007fff458f4000 	/System/Library/Frameworks/ApplicationServices.framework/Versions/A/Frameworks/ATS.framework/Versions/A/Resources/libTrueTypeScaler.dylib
0x00007fff50ec1000 	/System/Library/Frameworks/OpenGL.framework/Versions/A/Resources/GLEngine.bundle/GLEngine
0x00007fff50363000 	/System/Library/Frameworks/OpenGL.framework/Versions/A/Libraries/libGLProgrammability.dylib
0x00007fff3f9ee000 	/System/Library/Extensions/AppleIntelKBLGraphicsGLDriver.bundle/Contents/MacOS/AppleIntelKBLGraphicsGLDriver
0x00007fff622c8000 	/System/Library/PrivateFrameworks/GPUSupport.framework/Versions/A/Libraries/libGPUSupportMercury.dylib
0x00007fff51059000 	/System/Library/Frameworks/OpenGL.framework/Versions/A/Resources/GLRendererFloat.bundle/GLRendererFloat
0x00007fff4f92d000 	/System/Library/Frameworks/OpenCL.framework/Versions/A/Libraries/libcldcpuengine.dylib
0x00007fff708a7000 	/usr/lib/libcrypto.35.dylib
0x00007fff6ded8000 	/System/Library/PrivateFrameworks/TrustEvaluationAgent.framework/Versions/A/TrustEvaluationAgent
0x000000012952f000 	/private/var/folders/zg/jyq_6t5x04lfvk6mf3zlh7740000gn/T/lwjgljoseph/3.2.3-build-13/liblwjgl_opengl.dylib


VM Arguments:
jvm_args: -javaagent:/Applications/IntelliJ IDEA.app/Contents/lib/idea_rt.jar=61490:/Applications/IntelliJ IDEA.app/Contents/bin -Dfile.encoding=UTF-8 
java_command: MainGame.HelloWorld
java_class_path (initial): /Users/joseph/lwjgl3/target/test-classes:/Users/joseph/lwjgl3/target/classes:/Users/joseph/.m2/repository/org/lwjgl/lwjgl/3.2.3/lwjgl-3.2.3.jar:/Users/joseph/.m2/repository/org/lwjgl/lwjgl-assimp/3.2.3/lwjgl-assimp-3.2.3.jar:/Users/joseph/.m2/repository/org/lwjgl/lwjgl-glfw/3.2.3/lwjgl-glfw-3.2.3.jar:/Users/joseph/.m2/repository/org/lwjgl/lwjgl-openal/3.2.3/lwjgl-openal-3.2.3.jar:/Users/joseph/.m2/repository/org/lwjgl/lwjgl-opengl/3.2.3/lwjgl-opengl-3.2.3.jar:/Users/joseph/.m2/repository/org/lwjgl/lwjgl-stb/3.2.3/lwjgl-stb-3.2.3.jar:/Users/joseph/.m2/repository/org/lwjgl/lwjgl/3.2.3/lwjgl-3.2.3-natives-macos.jar:/Users/joseph/.m2/repository/org/lwjgl/lwjgl-assimp/3.2.3/lwjgl-assimp-3.2.3-natives-macos.jar:/Users/joseph/.m2/repository/org/lwjgl/lwjgl-glfw/3.2.3/lwjgl-glfw-3.2.3-natives-macos.jar:/Users/joseph/.m2/repository/org/lwjgl/lwjgl-openal/3.2.3/lwjgl-openal-3.2.3-natives-macos.jar:/Users/joseph/.m2/repository/org/lwjgl/lwjgl-opengl/3.2.3/lwjgl-opengl-3.2.3-natives-macos.jar:/Users/joseph/.m2/repository/org/lwjgl/lwjgl-stb/3.2.3/lwjgl-stb-3.2.3-natives-macos.jar:/Users/joseph/.m2/repository/org/joml/joml/1.9.22/joml-1.9.22.jar:/Users/joseph/.m2/repository/org/l33tlabs/twl/pngdecoder/1.0/pngdecoder-1.0.jar
Launcher Type: SUN_STANDARD

[Global flags]
     intx CICompilerCount                          = 3                                         {product} {ergonomic}
     uint ConcGCThreads                            = 1                                         {product} {ergonomic}
     uint G1ConcRefinementThreads                  = 4                                         {product} {ergonomic}
   size_t G1HeapRegionSize                         = 1048576                                   {product} {ergonomic}
    uintx GCDrainStackTargetSize                   = 64                                        {product} {ergonomic}
   size_t InitialHeapSize                          = 134217728                                 {product} {ergonomic}
   size_t MarkStackSize                            = 4194304                                   {product} {ergonomic}
   size_t MaxHeapSize                              = 2147483648                                {product} {ergonomic}
   size_t MaxNewSize                               = 1287651328                                {product} {ergonomic}
   size_t MinHeapDeltaBytes                        = 1048576                                   {product} {ergonomic}
    uintx NonNMethodCodeHeapSize                   = 5830092                                {pd product} {ergonomic}
    uintx NonProfiledCodeHeapSize                  = 122914074                              {pd product} {ergonomic}
    uintx ProfiledCodeHeapSize                     = 122914074                              {pd product} {ergonomic}
    uintx ReservedCodeCacheSize                    = 251658240                              {pd product} {ergonomic}
     bool SegmentedCodeCache                       = true                                      {product} {ergonomic}
     bool UseCompressedClassPointers               = true                                 {lp64_product} {ergonomic}
     bool UseCompressedOops                        = true                                 {lp64_product} {ergonomic}
     bool UseG1GC                                  = true                                      {product} {ergonomic}

Logging:
Log output configuration:
 #0: stdout all=warning uptime,level,tags
 #1: stderr all=off uptime,level,tags

Environment Variables:
PATH=/usr/local/bin:/usr/bin:/bin:/usr/sbin:/sbin:/usr/local/go/bin:/usr/local/share/dotnet:~/.dotnet/tools:/Library/Frameworks/Mono.framework/Versions/Current/Commands
SHELL=/bin/zsh

Signal Handlers:
SIGSEGV: [libjvm.dylib+0x740190], sa_mask[0]=11111111011111110111111111111111, sa_flags=SA_ONSTACK|SA_RESTART|SA_SIGINFO
SIGBUS: [libjvm.dylib+0x740190], sa_mask[0]=11111111011111110111111111111111, sa_flags=SA_RESTART|SA_SIGINFO
SIGFPE: [libjvm.dylib+0x740190], sa_mask[0]=11111111011111110111111111111111, sa_flags=SA_RESTART|SA_SIGINFO
SIGPIPE: [libjvm.dylib+0x5f2e42], sa_mask[0]=11111111011111110111111111111111, sa_flags=SA_RESTART|SA_SIGINFO
SIGXFSZ: [libjvm.dylib+0x5f2e42], sa_mask[0]=11111111011111110111111111111111, sa_flags=SA_RESTART|SA_SIGINFO
SIGILL: [libjvm.dylib+0x740190], sa_mask[0]=11111111011111110111111111111111, sa_flags=SA_RESTART|SA_SIGINFO
SIGUSR2: [libjvm.dylib+0x5f3427], sa_mask[0]=00100000000000000000000000000000, sa_flags=SA_RESTART|SA_SIGINFO
SIGHUP: [libjvm.dylib+0x5f1e83], sa_mask[0]=11111111011111110111111111111111, sa_flags=SA_RESTART|SA_SIGINFO
SIGINT: [libjvm.dylib+0x5f1e83], sa_mask[0]=11111111011111110111111111111111, sa_flags=SA_RESTART|SA_SIGINFO
SIGTERM: [libjvm.dylib+0x5f1e83], sa_mask[0]=11111111011111110111111111111111, sa_flags=SA_RESTART|SA_SIGINFO
SIGQUIT: [libjvm.dylib+0x5f1e83], sa_mask[0]=11111111011111110111111111111111, sa_flags=SA_RESTART|SA_SIGINFO


---------------  S Y S T E M  ---------------

OS:uname:Darwin 18.7.0 Darwin Kernel Version 18.7.0: Thu Jan 23 06:52:12 PST 2020; root:xnu-4903.278.25~1/RELEASE_X86_64 x86_64
rlimit: STACK 8192k, CORE 0k, NPROC 709, NOFILE 10240, AS infinity, DATA infinity, FSIZE infinity
load average:2.05 2.13 2.26

CPU:total 4 (initial active 4) (2 cores per cpu, 2 threads per core) family 6 model 142 stepping 9, cmov, cx8, fxsr, mmx, sse, sse2, sse3, ssse3, sse4.1, sse4.2, popcnt, avx, avx2, aes, clmul, erms, rtm, 3dnowpref, lzcnt, ht, tsc, tscinvbit, bmi1, bmi2, adx, fma

Memory: 4k page, physical 8388608k(290944k free)

vm_info: Java HotSpot(TM) 64-Bit Server VM (11.0.2+9-LTS) for bsd-amd64 JRE (11.0.2+9-LTS), built on Jan 18 2019 08:16:46 by "mach5one" with gcc 4.2.1 Compatible Apple LLVM 9.1.0 (clang-902.0.39.2)

END.
